# JRE version: OpenJDK Runtime Environment (11.0.10) (build 11.0.10+0-b96-7249189)
# Java VM: OpenJDK 64-Bit Server VM (11.0.10+0-b96-7249189, mixed mode, tiered, compressed oops, g1 gc, windows-amd64)
Heap:
 garbage-first heap   total 284672K, used 206074K [0x0000000080000000, 0x0000000100000000)
  region size 1024K, 74 young (75776K), 1 survivors (1024K)
 Metaspace       used 141881K, capacity 146331K, committed 146556K, reserved 1177600K
  class space    used 17087K, capacity 18607K, committed 18636K, reserved 1048576K
GC Heap History (20 events):
Event: 2599.054 GC heap before
{Heap before GC invocations=225 (full 0):
 garbage-first heap   total 284672K, used 135190K [0x0000000080000000, 0x0000000100000000)
  region size 1024K, 13 young (13312K), 5 survivors (5120K)
 Metaspace       used 132126K, capacity 136090K, committed 136316K, reserved 1169408K
  class space    used 15886K, capacity 17260K, committed 17356K, reserved 1048576K
}
Event: 2599.074 GC heap after
{Heap after GC invocations=226 (full 0):
 garbage-first heap   total 284672K, used 118394K [0x0000000080000000, 0x0000000100000000)
  region size 1024K, 2 young (2048K), 2 survivors (2048K)
 Metaspace       used 132126K, capacity 136090K, committed 136316K, reserved 1169408K
  class space    used 15886K, capacity 17260K, committed 17356K, reserved 1048576K
}
Event: 2600.095 GC heap before
{Heap before GC invocations=226 (full 0):
 garbage-first heap   total 284672K, used 239226K [0x0000000080000000, 0x0000000100000000)
  region size 1024K, 121 young (123904K), 2 survivors (2048K)
 Metaspace       used 132140K, capacity 136097K, committed 136316K, reserved 1169408K
  class space    used 15886K, capacity 17261K, committed 17356K, reserved 1048576K
}
Event: 2600.107 GC heap after
{Heap after GC invocations=227 (full 0):
 garbage-first heap   total 284672K, used 121092K [0x0000000080000000, 0x0000000100000000)
  region size 1024K, 4 young (4096K), 4 survivors (4096K)
 Metaspace       used 132140K, capacity 136097K, committed 136316K, reserved 1169408K
  class space    used 15886K, capacity 17261K, committed 17356K, reserved 1048576K
}
Event: 2625.348 GC heap before
{Heap before GC invocations=228 (full 0):
 garbage-first heap   total 284672K, used 251140K [0x0000000080000000, 0x0000000100000000)
  region size 1024K, 122 young (124928K), 4 survivors (4096K)
 Metaspace       used 133509K, capacity 137784K, committed 137852K, reserved 1169408K
  class space    used 16091K, capacity 17551K, committed 17612K, reserved 1048576K
}
Event: 2625.366 GC heap after
{Heap after GC invocations=229 (full 0):
 garbage-first heap   total 284672K, used 136788K [0x0000000080000000, 0x0000000100000000)
  region size 1024K, 10 young (10240K), 10 survivors (10240K)
 Metaspace       used 133509K, capacity 137784K, committed 137852K, reserved 1169408K
  class space    used 16091K, capacity 17551K, committed 17612K, reserved 1048576K
}
Event: 2625.768 GC heap before
{Heap before GC invocations=229 (full 0):
 garbage-first heap   total 284672K, used 138836K [0x0000000080000000, 0x0000000100000000)
  region size 1024K, 13 young (13312K), 10 survivors (10240K)
 Metaspace       used 133512K, capacity 137784K, committed 137852K, reserved 1169408K
  class space    used 16091K, capacity 17551K, committed 17612K, reserved 1048576K
}
Event: 2625.782 GC heap after
{Heap after GC invocations=230 (full 0):
 garbage-first heap   total 284672K, used 136742K [0x0000000080000000, 0x0000000100000000)
  region size 1024K, 2 young (2048K), 2 survivors (2048K)
 Metaspace       used 133512K, capacity 137784K, committed 137852K, reserved 1169408K
  class space    used 16091K, capacity 17551K, committed 17612K, reserved 1048576K
}
Event: 2626.907 GC heap before
{Heap before GC invocations=230 (full 0):
 garbage-first heap   total 284672K, used 242214K [0x0000000080000000, 0x0000000100000000)
  region size 1024K, 105 young (107520K), 2 survivors (2048K)
 Metaspace       used 138445K, capacity 142798K, committed 142844K, reserved 1173504K
  class space    used 16790K, capacity 18240K, committed 18252K, reserved 1048576K
}
Event: 2626.926 GC heap after
{Heap after GC invocations=231 (full 0):
 garbage-first heap   total 284672K, used 143162K [0x0000000080000000, 0x0000000100000000)
  region size 1024K, 8 young (8192K), 8 survivors (8192K)
 Metaspace       used 138445K, capacity 142798K, committed 142844K, reserved 1173504K
  class space    used 16790K, capacity 18240K, committed 18252K, reserved 1048576K
}
Event: 2628.366 GC heap before
{Heap before GC invocations=232 (full 0):
 garbage-first heap   total 284672K, used 239418K [0x0000000080000000, 0x0000000100000000)
  region size 1024K, 102 young (104448K), 8 survivors (8192K)
 Metaspace       used 140280K, capacity 144654K, committed 144764K, reserved 1175552K
  class space    used 16909K, capacity 18368K, committed 18380K, reserved 1048576K
}
Event: 2628.381 GC heap after
{Heap after GC invocations=233 (full 0):
 garbage-first heap   total 284672K, used 144633K [0x0000000080000000, 0x0000000100000000)
  region size 1024K, 2 young (2048K), 2 survivors (2048K)
 Metaspace       used 140280K, capacity 144654K, committed 144764K, reserved 1175552K
  class space    used 16909K, capacity 18368K, committed 18380K, reserved 1048576K
}
Event: 2628.550 GC heap before
{Heap before GC invocations=233 (full 0):
 garbage-first heap   total 284672K, used 155897K [0x0000000080000000, 0x0000000100000000)
  region size 1024K, 13 young (13312K), 2 survivors (2048K)
 Metaspace       used 140280K, capacity 144654K, committed 144764K, reserved 1175552K
  class space    used 16909K, capacity 18368K, committed 18380K, reserved 1048576K
}
Event: 2628.568 GC heap after
{Heap after GC invocations=234 (full 0):
 garbage-first heap   total 284672K, used 134337K [0x0000000080000000, 0x0000000100000000)
  region size 1024K, 2 young (2048K), 2 survivors (2048K)
 Metaspace       used 140280K, capacity 144654K, committed 144764K, reserved 1175552K
  class space    used 16909K, capacity 18368K, committed 18380K, reserved 1048576K
}
Event: 2629.784 GC heap before
{Heap before GC invocations=234 (full 0):
 garbage-first heap   total 284672K, used 236737K [0x0000000080000000, 0x0000000100000000)
  region size 1024K, 102 young (104448K), 2 survivors (2048K)
 Metaspace       used 140280K, capacity 144654K, committed 144764K, reserved 1175552K
  class space    used 16909K, capacity 18368K, committed 18380K, reserved 1048576K
}
Event: 2629.790 GC heap after
{Heap after GC invocations=235 (full 0):
 garbage-first heap   total 284672K, used 134228K [0x0000000080000000, 0x0000000100000000)
  region size 1024K, 2 young (2048K), 2 survivors (2048K)
 Metaspace       used 140280K, capacity 144654K, committed 144764K, reserved 1175552K
  class space    used 16909K, capacity 18368K, committed 18380K, reserved 1048576K
}
Event: 2631.107 GC heap before
{Heap before GC invocations=236 (full 0):
 garbage-first heap   total 284672K, used 239700K [0x0000000080000000, 0x0000000100000000)
  region size 1024K, 105 young (107520K), 2 survivors (2048K)
 Metaspace       used 140280K, capacity 144654K, committed 144764K, reserved 1175552K
  class space    used 16909K, capacity 18368K, committed 18380K, reserved 1048576K
}
Event: 2631.110 GC heap after
{Heap after GC invocations=237 (full 0):
 garbage-first heap   total 284672K, used 133973K [0x0000000080000000, 0x0000000100000000)
  region size 1024K, 1 young (1024K), 1 survivors (1024K)
 Metaspace       used 140280K, capacity 144654K, committed 144764K, reserved 1175552K
  class space    used 16909K, capacity 18368K, committed 18380K, reserved 1048576K
}
Event: 2631.247 GC heap before
{Heap before GC invocations=237 (full 0):
 garbage-first heap   total 284672K, used 146261K [0x0000000080000000, 0x0000000100000000)
  region size 1024K, 13 young (13312K), 1 survivors (1024K)
 Metaspace       used 140280K, capacity 144654K, committed 144764K, reserved 1175552K
  class space    used 16909K, capacity 18368K, committed 18380K, reserved 1048576K
}
Event: 2631.250 GC heap after
{Heap after GC invocations=238 (full 0):
 garbage-first heap   total 284672K, used 133370K [0x0000000080000000, 0x0000000100000000)
  region size 1024K, 1 young (1024K), 1 survivors (1024K)
 Metaspace       used 140280K, capacity 144654K, committed 144764K, reserved 1175552K
  class space    used 16909K, capacity 18368K, committed 18380K, reserved 1048576K
}

