# JRE version: OpenJDK Runtime Environment (11.0.10) (build 11.0.10+0-b96-7249189)
# Java VM: OpenJDK 64-Bit Server VM (11.0.10+0-b96-7249189, mixed mode, tiered, compressed oops, g1 gc, windows-amd64)
Heap:
 garbage-first heap   total 189440K, used 112718K [0x0000000080000000, 0x0000000100000000)
  region size 1024K, 12 young (12288K), 2 survivors (2048K)
 Metaspace       used 94287K, capacity 96473K, committed 96556K, reserved 1140736K
  class space    used 11852K, capacity 12625K, committed 12672K, reserved 1048576K
GC Heap History (20 events):
Event: 79.436 GC heap before
{Heap before GC invocations=40 (full 0):
 garbage-first heap   total 157696K, used 129928K [0x0000000080000000, 0x0000000100000000)
  region size 1024K, 36 young (36864K), 4 survivors (4096K)
 Metaspace       used 86258K, capacity 88328K, committed 88492K, reserved 1126400K
  class space    used 10982K, capacity 11712K, committed 11776K, reserved 1048576K
}
Event: 79.446 GC heap after
{Heap after GC invocations=41 (full 0):
 garbage-first heap   total 157696K, used 99177K [0x0000000080000000, 0x0000000100000000)
  region size 1024K, 3 young (3072K), 3 survivors (3072K)
 Metaspace       used 86258K, capacity 88328K, committed 88492K, reserved 1126400K
  class space    used 10982K, capacity 11712K, committed 11776K, reserved 1048576K
}
Event: 80.629 GC heap before
{Heap before GC invocations=42 (full 0):
 garbage-first heap   total 157696K, used 128492K [0x0000000080000000, 0x0000000100000000)
  region size 1024K, 35 young (35840K), 3 survivors (3072K)
 Metaspace       used 88358K, capacity 90386K, committed 90540K, reserved 1128448K
  class space    used 11225K, capacity 11925K, committed 12032K, reserved 1048576K
}
Event: 80.642 GC heap after
{Heap after GC invocations=43 (full 0):
 garbage-first heap   total 157696K, used 100642K [0x0000000080000000, 0x0000000100000000)
  region size 1024K, 5 young (5120K), 5 survivors (5120K)
 Metaspace       used 88358K, capacity 90386K, committed 90540K, reserved 1128448K
  class space    used 11225K, capacity 11925K, committed 12032K, reserved 1048576K
}
Event: 80.725 GC heap before
{Heap before GC invocations=43 (full 0):
 garbage-first heap   total 157696K, used 101666K [0x0000000080000000, 0x0000000100000000)
  region size 1024K, 7 young (7168K), 5 survivors (5120K)
 Metaspace       used 88374K, capacity 90389K, committed 90540K, reserved 1128448K
  class space    used 11227K, capacity 11926K, committed 12032K, reserved 1048576K
}
Event: 80.737 GC heap after
{Heap after GC invocations=44 (full 0):
 garbage-first heap   total 157696K, used 98628K [0x0000000080000000, 0x0000000100000000)
  region size 1024K, 1 young (1024K), 1 survivors (1024K)
 Metaspace       used 88374K, capacity 90389K, committed 90540K, reserved 1128448K
  class space    used 11227K, capacity 11926K, committed 12032K, reserved 1048576K
}
Event: 81.847 GC heap before
{Heap before GC invocations=44 (full 0):
 garbage-first heap   total 157696K, used 127300K [0x0000000080000000, 0x0000000100000000)
  region size 1024K, 31 young (31744K), 1 survivors (1024K)
 Metaspace       used 88546K, capacity 90562K, committed 90796K, reserved 1128448K
  class space    used 11257K, capacity 11962K, committed 12032K, reserved 1048576K
}
Event: 81.854 GC heap after
{Heap after GC invocations=45 (full 0):
 garbage-first heap   total 157696K, used 98987K [0x0000000080000000, 0x0000000100000000)
  region size 1024K, 2 young (2048K), 2 survivors (2048K)
 Metaspace       used 88546K, capacity 90562K, committed 90796K, reserved 1128448K
  class space    used 11257K, capacity 11962K, committed 12032K, reserved 1048576K
}
Event: 82.939 GC heap before
{Heap before GC invocations=46 (full 0):
 garbage-first heap   total 157696K, used 133803K [0x0000000080000000, 0x0000000100000000)
  region size 1024K, 34 young (34816K), 2 survivors (2048K)
 Metaspace       used 88717K, capacity 90798K, committed 91052K, reserved 1128448K
  class space    used 11271K, capacity 11996K, committed 12032K, reserved 1048576K
}
Event: 82.955 GC heap after
{Heap after GC invocations=47 (full 0):
 garbage-first heap   total 157696K, used 106925K [0x0000000080000000, 0x0000000100000000)
  region size 1024K, 5 young (5120K), 5 survivors (5120K)
 Metaspace       used 88717K, capacity 90798K, committed 91052K, reserved 1128448K
  class space    used 11271K, capacity 11996K, committed 12032K, reserved 1048576K
}
Event: 82.978 GC heap before
{Heap before GC invocations=47 (full 0):
 garbage-first heap   total 157696K, used 108973K [0x0000000080000000, 0x0000000100000000)
  region size 1024K, 7 young (7168K), 5 survivors (5120K)
 Metaspace       used 88717K, capacity 90798K, committed 91052K, reserved 1128448K
  class space    used 11271K, capacity 11996K, committed 12032K, reserved 1048576K
}
Event: 82.991 GC heap after
{Heap after GC invocations=48 (full 0):
 garbage-first heap   total 157696K, used 107292K [0x0000000080000000, 0x0000000100000000)
  region size 1024K, 1 young (1024K), 1 survivors (1024K)
 Metaspace       used 88717K, capacity 90798K, committed 91052K, reserved 1128448K
  class space    used 11271K, capacity 11996K, committed 12032K, reserved 1048576K
}
Event: 84.299 GC heap before
{Heap before GC invocations=48 (full 0):
 garbage-first heap   total 157696K, used 127772K [0x0000000080000000, 0x0000000100000000)
  region size 1024K, 22 young (22528K), 1 survivors (1024K)
 Metaspace       used 90254K, capacity 92402K, committed 92588K, reserved 1130496K
  class space    used 11421K, capacity 12206K, committed 12288K, reserved 1048576K
}
Event: 84.312 GC heap after
{Heap after GC invocations=49 (full 0):
 garbage-first heap   total 157696K, used 111616K [0x0000000080000000, 0x0000000100000000)
  region size 1024K, 3 young (3072K), 3 survivors (3072K)
 Metaspace       used 90254K, capacity 92402K, committed 92588K, reserved 1130496K
  class space    used 11421K, capacity 12206K, committed 12288K, reserved 1048576K
}
Event: 85.132 GC heap before
{Heap before GC invocations=50 (full 0):
 garbage-first heap   total 157696K, used 130048K [0x0000000080000000, 0x0000000100000000)
  region size 1024K, 21 young (21504K), 3 survivors (3072K)
 Metaspace       used 91677K, capacity 93912K, committed 94124K, reserved 1130496K
  class space    used 11513K, capacity 12283K, committed 12288K, reserved 1048576K
}
Event: 85.146 GC heap after
{Heap after GC invocations=51 (full 0):
 garbage-first heap   total 157696K, used 112108K [0x0000000080000000, 0x0000000100000000)
  region size 1024K, 2 young (2048K), 2 survivors (2048K)
 Metaspace       used 91677K, capacity 93912K, committed 94124K, reserved 1130496K
  class space    used 11513K, capacity 12283K, committed 12288K, reserved 1048576K
}
Event: 85.295 GC heap before
{Heap before GC invocations=51 (full 0):
 garbage-first heap   total 157696K, used 116204K [0x0000000080000000, 0x0000000100000000)
  region size 1024K, 7 young (7168K), 2 survivors (2048K)
 Metaspace       used 91677K, capacity 93912K, committed 94124K, reserved 1130496K
  class space    used 11513K, capacity 12283K, committed 12288K, reserved 1048576K
}
Event: 85.301 GC heap after
{Heap after GC invocations=52 (full 0):
 garbage-first heap   total 157696K, used 110638K [0x0000000080000000, 0x0000000100000000)
  region size 1024K, 1 young (1024K), 1 survivors (1024K)
 Metaspace       used 91677K, capacity 93912K, committed 94124K, reserved 1130496K
  class space    used 11513K, capacity 12283K, committed 12288K, reserved 1048576K
}
Event: 85.624 GC heap before
{Heap before GC invocations=52 (full 0):
 garbage-first heap   total 157696K, used 131118K [0x0000000080000000, 0x0000000100000000)
  region size 1024K, 20 young (20480K), 1 survivors (1024K)
 Metaspace       used 92438K, capacity 94656K, committed 94764K, reserved 1132544K
  class space    used 11620K, capacity 12381K, committed 12416K, reserved 1048576K
}
Event: 85.630 GC heap after
{Heap after GC invocations=53 (full 0):
 garbage-first heap   total 189440K, used 111694K [0x0000000080000000, 0x0000000100000000)
  region size 1024K, 2 young (2048K), 2 survivors (2048K)
 Metaspace       used 92438K, capacity 94656K, committed 94764K, reserved 1132544K
  class space    used 11620K, capacity 12381K, committed 12416K, reserved 1048576K
}

