# JRE version: OpenJDK Runtime Environment (11.0.10) (build 11.0.10+0-b96-7249189)
# Java VM: OpenJDK 64-Bit Server VM (11.0.10+0-b96-7249189, mixed mode, tiered, compressed oops, g1 gc, windows-amd64)
Heap:
 garbage-first heap   total 273408K, used 218838K [0x0000000080000000, 0x0000000100000000)
  region size 1024K, 15 young (15360K), 6 survivors (6144K)
 Metaspace       used 149044K, capacity 153052K, committed 153304K, reserved 1183744K
  class space    used 18338K, capacity 19686K, committed 19712K, reserved 1048576K
GC Heap History (20 events):
Event: 1489.615 GC heap before
{Heap before GC invocations=82 (full 0):
 garbage-first heap   total 273408K, used 233649K [0x0000000080000000, 0x0000000100000000)
  region size 1024K, 52 young (53248K), 5 survivors (5120K)
 Metaspace       used 135959K, capacity 139430K, committed 139736K, reserved 1171456K
  class space    used 16946K, capacity 18091K, committed 18176K, reserved 1048576K
}
Event: 1489.621 GC heap after
{Heap after GC invocations=83 (full 0):
 garbage-first heap   total 273408K, used 185366K [0x0000000080000000, 0x0000000100000000)
  region size 1024K, 3 young (3072K), 3 survivors (3072K)
 Metaspace       used 135959K, capacity 139430K, committed 139736K, reserved 1171456K
  class space    used 16946K, capacity 18091K, committed 18176K, reserved 1048576K
}
Event: 1491.866 GC heap before
{Heap before GC invocations=83 (full 0):
 garbage-first heap   total 273408K, used 234518K [0x0000000080000000, 0x0000000100000000)
  region size 1024K, 51 young (52224K), 3 survivors (3072K)
 Metaspace       used 136977K, capacity 140464K, committed 140632K, reserved 1171456K
  class space    used 17054K, capacity 18239K, committed 18304K, reserved 1048576K
}
Event: 1491.882 GC heap after
{Heap after GC invocations=84 (full 0):
 garbage-first heap   total 273408K, used 188981K [0x0000000080000000, 0x0000000100000000)
  region size 1024K, 6 young (6144K), 6 survivors (6144K)
 Metaspace       used 136977K, capacity 140464K, committed 140632K, reserved 1171456K
  class space    used 17054K, capacity 18239K, committed 18304K, reserved 1048576K
}
Event: 1494.976 GC heap before
{Heap before GC invocations=84 (full 0):
 garbage-first heap   total 273408K, used 233013K [0x0000000080000000, 0x0000000100000000)
  region size 1024K, 50 young (51200K), 6 survivors (6144K)
 Metaspace       used 138758K, capacity 142451K, committed 142808K, reserved 1173504K
  class space    used 17319K, capacity 18583K, committed 18688K, reserved 1048576K
}
Event: 1494.985 GC heap after
{Heap after GC invocations=85 (full 0):
 garbage-first heap   total 273408K, used 189759K [0x0000000080000000, 0x0000000100000000)
  region size 1024K, 2 young (2048K), 2 survivors (2048K)
 Metaspace       used 138758K, capacity 142451K, committed 142808K, reserved 1173504K
  class space    used 17319K, capacity 18583K, committed 18688K, reserved 1048576K
}
Event: 1495.322 GC heap before
{Heap before GC invocations=85 (full 0):
 garbage-first heap   total 273408K, used 233791K [0x0000000080000000, 0x0000000100000000)
  region size 1024K, 46 young (47104K), 2 survivors (2048K)
 Metaspace       used 139125K, capacity 142837K, committed 143064K, reserved 1173504K
  class space    used 17335K, capacity 18584K, committed 18688K, reserved 1048576K
}
Event: 1495.326 GC heap after
{Heap after GC invocations=86 (full 0):
 garbage-first heap   total 273408K, used 189782K [0x0000000080000000, 0x0000000100000000)
  region size 1024K, 2 young (2048K), 2 survivors (2048K)
 Metaspace       used 139125K, capacity 142837K, committed 143064K, reserved 1173504K
  class space    used 17335K, capacity 18584K, committed 18688K, reserved 1048576K
}
Event: 1496.134 GC heap before
{Heap before GC invocations=86 (full 0):
 garbage-first heap   total 273408K, used 236886K [0x0000000080000000, 0x0000000100000000)
  region size 1024K, 47 young (48128K), 2 survivors (2048K)
 Metaspace       used 139484K, capacity 143293K, committed 143320K, reserved 1173504K
  class space    used 17369K, capacity 18667K, committed 18688K, reserved 1048576K
}
Event: 1496.140 GC heap after
{Heap after GC invocations=87 (full 0):
 garbage-first heap   total 273408K, used 190726K [0x0000000080000000, 0x0000000100000000)
  region size 1024K, 3 young (3072K), 3 survivors (3072K)
 Metaspace       used 139484K, capacity 143293K, committed 143320K, reserved 1173504K
  class space    used 17369K, capacity 18667K, committed 18688K, reserved 1048576K
}
Event: 1496.410 GC heap before
{Heap before GC invocations=87 (full 0):
 garbage-first heap   total 273408K, used 234758K [0x0000000080000000, 0x0000000100000000)
  region size 1024K, 47 young (48128K), 3 survivors (3072K)
 Metaspace       used 140680K, capacity 144546K, committed 144728K, reserved 1175552K
  class space    used 17483K, capacity 18740K, committed 18816K, reserved 1048576K
}
Event: 1496.416 GC heap after
{Heap after GC invocations=88 (full 0):
 garbage-first heap   total 273408K, used 192546K [0x0000000080000000, 0x0000000100000000)
  region size 1024K, 5 young (5120K), 5 survivors (5120K)
 Metaspace       used 140680K, capacity 144546K, committed 144728K, reserved 1175552K
  class space    used 17483K, capacity 18740K, committed 18816K, reserved 1048576K
}
Event: 1496.707 GC heap before
{Heap before GC invocations=88 (full 0):
 garbage-first heap   total 273408K, used 235554K [0x0000000080000000, 0x0000000100000000)
  region size 1024K, 48 young (49152K), 5 survivors (5120K)
 Metaspace       used 140971K, capacity 144880K, committed 144984K, reserved 1175552K
  class space    used 17519K, capacity 18806K, committed 18816K, reserved 1048576K
}
Event: 1496.717 GC heap after
{Heap after GC invocations=89 (full 0):
 garbage-first heap   total 273408K, used 193400K [0x0000000080000000, 0x0000000100000000)
  region size 1024K, 5 young (5120K), 5 survivors (5120K)
 Metaspace       used 140971K, capacity 144880K, committed 144984K, reserved 1175552K
  class space    used 17519K, capacity 18806K, committed 18816K, reserved 1048576K
}
Event: 1497.042 GC heap before
{Heap before GC invocations=89 (full 0):
 garbage-first heap   total 273408K, used 237432K [0x0000000080000000, 0x0000000100000000)
  region size 1024K, 48 young (49152K), 5 survivors (5120K)
 Metaspace       used 142287K, capacity 146199K, committed 146392K, reserved 1177600K
  class space    used 17596K, capacity 18882K, committed 18944K, reserved 1048576K
}
Event: 1497.049 GC heap after
{Heap after GC invocations=90 (full 0):
 garbage-first heap   total 273408K, used 194110K [0x0000000080000000, 0x0000000100000000)
  region size 1024K, 4 young (4096K), 4 survivors (4096K)
 Metaspace       used 142287K, capacity 146199K, committed 146392K, reserved 1177600K
  class space    used 17596K, capacity 18882K, committed 18944K, reserved 1048576K
}
Event: 1498.471 GC heap before
{Heap before GC invocations=90 (full 0):
 garbage-first heap   total 273408K, used 241214K [0x0000000080000000, 0x0000000100000000)
  region size 1024K, 47 young (48128K), 4 survivors (4096K)
 Metaspace       used 147728K, capacity 151702K, committed 151896K, reserved 1181696K
  class space    used 18227K, capacity 19545K, committed 19584K, reserved 1048576K
}
Event: 1498.481 GC heap after
{Heap after GC invocations=91 (full 0):
 garbage-first heap   total 273408K, used 200282K [0x0000000080000000, 0x0000000100000000)
  region size 1024K, 6 young (6144K), 6 survivors (6144K)
 Metaspace       used 147728K, capacity 151702K, committed 151896K, reserved 1181696K
  class space    used 18227K, capacity 19545K, committed 19584K, reserved 1048576K
}
Event: 1499.037 GC heap before
{Heap before GC invocations=91 (full 0):
 garbage-first heap   total 273408K, used 239194K [0x0000000080000000, 0x0000000100000000)
  region size 1024K, 41 young (41984K), 6 survivors (6144K)
 Metaspace       used 148868K, capacity 152932K, committed 153048K, reserved 1183744K
  class space    used 18329K, capacity 19649K, committed 19712K, reserved 1048576K
}
Event: 1499.053 GC heap after
{Heap after GC invocations=92 (full 0):
 garbage-first heap   total 273408K, used 210646K [0x0000000080000000, 0x0000000100000000)
  region size 1024K, 6 young (6144K), 6 survivors (6144K)
 Metaspace       used 148868K, capacity 152932K, committed 153048K, reserved 1183744K
  class space    used 18329K, capacity 19649K, committed 19712K, reserved 1048576K
}

