# JRE version: OpenJDK Runtime Environment (11.0.10) (build 11.0.10+0-b96-7249189)
# Java VM: OpenJDK 64-Bit Server VM (11.0.10+0-b96-7249189, mixed mode, tiered, compressed oops, g1 gc, windows-amd64)
Heap:
 garbage-first heap   total 371712K, used 258947K [0x0000000080000000, 0x0000000100000000)
  region size 1024K, 126 young (129024K), 1 survivors (1024K)
 Metaspace       used 134794K, capacity 139673K, committed 139900K, reserved 1171456K
  class space    used 16165K, capacity 17844K, committed 17868K, reserved 1048576K
GC Heap History (20 events):
Event: 4823.222 GC heap before
{Heap before GC invocations=316 (full 0):
 garbage-first heap   total 371712K, used 218806K [0x0000000080000000, 0x0000000100000000)
  region size 1024K, 101 young (103424K), 1 survivors (1024K)
 Metaspace       used 134371K, capacity 139134K, committed 139388K, reserved 1171456K
  class space    used 16140K, capacity 17791K, committed 17868K, reserved 1048576K
}
Event: 4823.237 GC heap after
{Heap after GC invocations=317 (full 0):
 garbage-first heap   total 371712K, used 123993K [0x0000000080000000, 0x0000000100000000)
  region size 1024K, 6 young (6144K), 6 survivors (6144K)
 Metaspace       used 134371K, capacity 139134K, committed 139388K, reserved 1171456K
  class space    used 16140K, capacity 17791K, committed 17868K, reserved 1048576K
}
Event: 4824.175 GC heap before
{Heap before GC invocations=318 (full 0):
 garbage-first heap   total 371712K, used 296025K [0x0000000080000000, 0x0000000100000000)
  region size 1024K, 156 young (159744K), 6 survivors (6144K)
 Metaspace       used 134497K, capacity 139262K, committed 139388K, reserved 1171456K
  class space    used 16140K, capacity 17791K, committed 17868K, reserved 1048576K
}
Event: 4824.190 GC heap after
{Heap after GC invocations=319 (full 0):
 garbage-first heap   total 371712K, used 127474K [0x0000000080000000, 0x0000000100000000)
  region size 1024K, 9 young (9216K), 9 survivors (9216K)
 Metaspace       used 134497K, capacity 139262K, committed 139388K, reserved 1171456K
  class space    used 16140K, capacity 17791K, committed 17868K, reserved 1048576K
}
Event: 4824.210 GC heap before
{Heap before GC invocations=319 (full 0):
 garbage-first heap   total 371712K, used 135666K [0x0000000080000000, 0x0000000100000000)
  region size 1024K, 18 young (18432K), 9 survivors (9216K)
 Metaspace       used 134497K, capacity 139262K, committed 139388K, reserved 1171456K
  class space    used 16140K, capacity 17791K, committed 17868K, reserved 1048576K
}
Event: 4824.222 GC heap after
{Heap after GC invocations=320 (full 0):
 garbage-first heap   total 371712K, used 127904K [0x0000000080000000, 0x0000000100000000)
  region size 1024K, 2 young (2048K), 2 survivors (2048K)
 Metaspace       used 134497K, capacity 139262K, committed 139388K, reserved 1171456K
  class space    used 16140K, capacity 17791K, committed 17868K, reserved 1048576K
}
Event: 4824.294 GC heap before
{Heap before GC invocations=320 (full 0):
 garbage-first heap   total 371712K, used 152480K [0x0000000080000000, 0x0000000100000000)
  region size 1024K, 27 young (27648K), 2 survivors (2048K)
 Metaspace       used 134497K, capacity 139262K, committed 139388K, reserved 1171456K
  class space    used 16140K, capacity 17791K, committed 17868K, reserved 1048576K
}
Event: 4824.302 GC heap after
{Heap after GC invocations=321 (full 0):
 garbage-first heap   total 371712K, used 127292K [0x0000000080000000, 0x0000000100000000)
  region size 1024K, 1 young (1024K), 1 survivors (1024K)
 Metaspace       used 134497K, capacity 139262K, committed 139388K, reserved 1171456K
  class space    used 16140K, capacity 17791K, committed 17868K, reserved 1048576K
}
Event: 4825.734 GC heap before
{Heap before GC invocations=322 (full 0):
 garbage-first heap   total 371712K, used 290108K [0x0000000080000000, 0x0000000100000000)
  region size 1024K, 159 young (162816K), 1 survivors (1024K)
 Metaspace       used 134543K, capacity 139262K, committed 139388K, reserved 1171456K
  class space    used 16140K, capacity 17791K, committed 17868K, reserved 1048576K
}
Event: 4825.741 GC heap after
{Heap after GC invocations=323 (full 0):
 garbage-first heap   total 371712K, used 129003K [0x0000000080000000, 0x0000000100000000)
  region size 1024K, 3 young (3072K), 3 survivors (3072K)
 Metaspace       used 134543K, capacity 139262K, committed 139388K, reserved 1171456K
  class space    used 16140K, capacity 17791K, committed 17868K, reserved 1048576K
}
Event: 4825.811 GC heap before
{Heap before GC invocations=323 (full 0):
 garbage-first heap   total 371712K, used 143339K [0x0000000080000000, 0x0000000100000000)
  region size 1024K, 18 young (18432K), 3 survivors (3072K)
 Metaspace       used 134545K, capacity 139262K, committed 139388K, reserved 1171456K
  class space    used 16140K, capacity 17791K, committed 17868K, reserved 1048576K
}
Event: 4825.817 GC heap after
{Heap after GC invocations=324 (full 0):
 garbage-first heap   total 371712K, used 129177K [0x0000000080000000, 0x0000000100000000)
  region size 1024K, 1 young (1024K), 1 survivors (1024K)
 Metaspace       used 134545K, capacity 139262K, committed 139388K, reserved 1171456K
  class space    used 16140K, capacity 17791K, committed 17868K, reserved 1048576K
}
Event: 4826.063 GC heap before
{Heap before GC invocations=324 (full 0):
 garbage-first heap   total 371712K, used 171161K [0x0000000080000000, 0x0000000100000000)
  region size 1024K, 44 young (45056K), 1 survivors (1024K)
 Metaspace       used 134548K, capacity 139262K, committed 139388K, reserved 1171456K
  class space    used 16140K, capacity 17791K, committed 17868K, reserved 1048576K
}
Event: 4826.070 GC heap after
{Heap after GC invocations=325 (full 0):
 garbage-first heap   total 371712K, used 130279K [0x0000000080000000, 0x0000000100000000)
  region size 1024K, 2 young (2048K), 2 survivors (2048K)
 Metaspace       used 134548K, capacity 139262K, committed 139388K, reserved 1171456K
  class space    used 16140K, capacity 17791K, committed 17868K, reserved 1048576K
}
Event: 5418.860 GC heap before
{Heap before GC invocations=326 (full 0):
 garbage-first heap   total 371712K, used 300263K [0x0000000080000000, 0x0000000100000000)
  region size 1024K, 141 young (144384K), 2 survivors (2048K)
 Metaspace       used 134601K, capacity 139390K, committed 139644K, reserved 1171456K
  class space    used 16140K, capacity 17791K, committed 17868K, reserved 1048576K
}
Event: 5418.870 GC heap after
{Heap after GC invocations=327 (full 0):
 garbage-first heap   total 371712K, used 132721K [0x0000000080000000, 0x0000000100000000)
  region size 1024K, 5 young (5120K), 5 survivors (5120K)
 Metaspace       used 134601K, capacity 139390K, committed 139644K, reserved 1171456K
  class space    used 16140K, capacity 17791K, committed 17868K, reserved 1048576K
}
Event: 5419.021 GC heap before
{Heap before GC invocations=327 (full 0):
 garbage-first heap   total 371712K, used 146033K [0x0000000080000000, 0x0000000100000000)
  region size 1024K, 18 young (18432K), 5 survivors (5120K)
 Metaspace       used 134601K, capacity 139390K, committed 139644K, reserved 1171456K
  class space    used 16140K, capacity 17791K, committed 17868K, reserved 1048576K
}
Event: 5419.030 GC heap after
{Heap after GC invocations=328 (full 0):
 garbage-first heap   total 371712K, used 132206K [0x0000000080000000, 0x0000000100000000)
  region size 1024K, 1 young (1024K), 1 survivors (1024K)
 Metaspace       used 134601K, capacity 139390K, committed 139644K, reserved 1171456K
  class space    used 16140K, capacity 17791K, committed 17868K, reserved 1048576K
}
Event: 5420.852 GC heap before
{Heap before GC invocations=328 (full 0):
 garbage-first heap   total 371712K, used 280686K [0x0000000080000000, 0x0000000100000000)
  region size 1024K, 146 young (149504K), 1 survivors (1024K)
 Metaspace       used 134601K, capacity 139390K, committed 139644K, reserved 1171456K
  class space    used 16140K, capacity 17791K, committed 17868K, reserved 1048576K
}
Event: 5420.857 GC heap after
{Heap after GC invocations=329 (full 0):
 garbage-first heap   total 371712K, used 131971K [0x0000000080000000, 0x0000000100000000)
  region size 1024K, 1 young (1024K), 1 survivors (1024K)
 Metaspace       used 134601K, capacity 139390K, committed 139644K, reserved 1171456K
  class space    used 16140K, capacity 17791K, committed 17868K, reserved 1048576K
}

