# JRE version: OpenJDK Runtime Environment (11.0.10) (build 11.0.10+0-b96-7249189)
# Java VM: OpenJDK 64-Bit Server VM (11.0.10+0-b96-7249189, mixed mode, tiered, compressed oops, g1 gc, windows-amd64)
Heap:
 garbage-first heap   total 189440K, used 89037K [0x0000000080000000, 0x0000000100000000)
  region size 1024K, 43 young (44032K), 9 survivors (9216K)
 Metaspace       used 67732K, capacity 69219K, committed 69468K, reserved 1110016K
  class space    used 8664K, capacity 9199K, committed 9216K, reserved 1048576K
GC Heap History (20 events):
Event: 1.223 GC heap before
{Heap before GC invocations=2 (full 0):
 garbage-first heap   total 131072K, used 37579K [0x0000000080000000, 0x0000000100000000)
  region size 1024K, 30 young (30720K), 1 survivors (1024K)
 Metaspace       used 11072K, capacity 11412K, committed 11520K, reserved 1058816K
  class space    used 1167K, capacity 1273K, committed 1280K, reserved 1048576K
}
Event: 1.226 GC heap after
{Heap after GC invocations=3 (full 0):
 garbage-first heap   total 131072K, used 13298K [0x0000000080000000, 0x0000000100000000)
  region size 1024K, 4 young (4096K), 4 survivors (4096K)
 Metaspace       used 11072K, capacity 11412K, committed 11520K, reserved 1058816K
  class space    used 1167K, capacity 1273K, committed 1280K, reserved 1048576K
}
Event: 2.387 GC heap before
{Heap before GC invocations=3 (full 0):
 garbage-first heap   total 131072K, used 56306K [0x0000000080000000, 0x0000000100000000)
  region size 1024K, 46 young (47104K), 4 survivors (4096K)
 Metaspace       used 19340K, capacity 19809K, committed 19968K, reserved 1067008K
  class space    used 2342K, capacity 2470K, committed 2560K, reserved 1048576K
}
Event: 2.396 GC heap after
{Heap after GC invocations=4 (full 0):
 garbage-first heap   total 131072K, used 15945K [0x0000000080000000, 0x0000000100000000)
  region size 1024K, 3 young (3072K), 3 survivors (3072K)
 Metaspace       used 19340K, capacity 19809K, committed 19968K, reserved 1067008K
  class space    used 2342K, capacity 2470K, committed 2560K, reserved 1048576K
}
Event: 2.449 GC heap before
{Heap before GC invocations=4 (full 0):
 garbage-first heap   total 131072K, used 20041K [0x0000000080000000, 0x0000000100000000)
  region size 1024K, 8 young (8192K), 3 survivors (3072K)
 Metaspace       used 20620K, capacity 21040K, committed 21248K, reserved 1069056K
  class space    used 2425K, capacity 2543K, committed 2560K, reserved 1048576K
}
Event: 2.454 GC heap after
{Heap after GC invocations=5 (full 0):
 garbage-first heap   total 157696K, used 16171K [0x0000000080000000, 0x0000000100000000)
  region size 1024K, 3 young (3072K), 3 survivors (3072K)
 Metaspace       used 20620K, capacity 21040K, committed 21248K, reserved 1069056K
  class space    used 2425K, capacity 2543K, committed 2560K, reserved 1048576K
}
Event: 3.328 GC heap before
{Heap before GC invocations=6 (full 0):
 garbage-first heap   total 157696K, used 70443K [0x0000000080000000, 0x0000000100000000)
  region size 1024K, 57 young (58368K), 3 survivors (3072K)
 Metaspace       used 26884K, capacity 27527K, committed 27772K, reserved 1073152K
  class space    used 3457K, capacity 3647K, committed 3712K, reserved 1048576K
}
Event: 3.335 GC heap after
{Heap after GC invocations=7 (full 0):
 garbage-first heap   total 157696K, used 18156K [0x0000000080000000, 0x0000000100000000)
  region size 1024K, 5 young (5120K), 5 survivors (5120K)
 Metaspace       used 26884K, capacity 27527K, committed 27772K, reserved 1073152K
  class space    used 3457K, capacity 3647K, committed 3712K, reserved 1048576K
}
Event: 4.152 GC heap before
{Heap before GC invocations=7 (full 0):
 garbage-first heap   total 157696K, used 60140K [0x0000000080000000, 0x0000000100000000)
  region size 1024K, 48 young (49152K), 5 survivors (5120K)
 Metaspace       used 35177K, capacity 35871K, committed 36048K, reserved 1081344K
  class space    used 4487K, capacity 4747K, committed 4864K, reserved 1048576K
}
Event: 4.165 GC heap after
{Heap after GC invocations=8 (full 0):
 garbage-first heap   total 157696K, used 21429K [0x0000000080000000, 0x0000000100000000)
  region size 1024K, 6 young (6144K), 6 survivors (6144K)
 Metaspace       used 35177K, capacity 35871K, committed 36048K, reserved 1081344K
  class space    used 4487K, capacity 4747K, committed 4864K, reserved 1048576K
}
Event: 5.390 GC heap before
{Heap before GC invocations=9 (full 0):
 garbage-first heap   total 157696K, used 86965K [0x0000000080000000, 0x0000000100000000)
  region size 1024K, 68 young (69632K), 6 survivors (6144K)
 Metaspace       used 40764K, capacity 41626K, committed 41936K, reserved 1085440K
  class space    used 5234K, capacity 5527K, committed 5632K, reserved 1048576K
}
Event: 5.405 GC heap after
{Heap after GC invocations=10 (full 0):
 garbage-first heap   total 157696K, used 25091K [0x0000000080000000, 0x0000000100000000)
  region size 1024K, 7 young (7168K), 7 survivors (7168K)
 Metaspace       used 40764K, capacity 41626K, committed 41936K, reserved 1085440K
  class space    used 5234K, capacity 5527K, committed 5632K, reserved 1048576K
}
Event: 6.611 GC heap before
{Heap before GC invocations=10 (full 0):
 garbage-first heap   total 157696K, used 102915K [0x0000000080000000, 0x0000000100000000)
  region size 1024K, 77 young (78848K), 7 survivors (7168K)
 Metaspace       used 43902K, capacity 44996K, committed 45136K, reserved 1089536K
  class space    used 5608K, capacity 5964K, committed 6016K, reserved 1048576K
}
Event: 6.631 GC heap after
{Heap after GC invocations=11 (full 0):
 garbage-first heap   total 157696K, used 41373K [0x0000000080000000, 0x0000000100000000)
  region size 1024K, 10 young (10240K), 10 survivors (10240K)
 Metaspace       used 43902K, capacity 44996K, committed 45136K, reserved 1089536K
  class space    used 5608K, capacity 5964K, committed 6016K, reserved 1048576K
}
Event: 8.049 GC heap before
{Heap before GC invocations=11 (full 0):
 garbage-first heap   total 157696K, used 108957K [0x0000000080000000, 0x0000000100000000)
  region size 1024K, 77 young (78848K), 10 survivors (10240K)
 Metaspace       used 53947K, capacity 55249K, committed 55376K, reserved 1097728K
  class space    used 6823K, capacity 7260K, committed 7296K, reserved 1048576K
}
Event: 8.069 GC heap after
{Heap after GC invocations=12 (full 0):
 garbage-first heap   total 189440K, used 48405K [0x0000000080000000, 0x0000000100000000)
  region size 1024K, 7 young (7168K), 7 survivors (7168K)
 Metaspace       used 53947K, capacity 55249K, committed 55376K, reserved 1097728K
  class space    used 6823K, capacity 7260K, committed 7296K, reserved 1048576K
}
Event: 9.187 GC heap before
{Heap before GC invocations=12 (full 0):
 garbage-first heap   total 189440K, used 85269K [0x0000000080000000, 0x0000000100000000)
  region size 1024K, 44 young (45056K), 7 survivors (7168K)
 Metaspace       used 58998K, capacity 60388K, committed 60508K, reserved 1101824K
  class space    used 7409K, capacity 7877K, committed 7936K, reserved 1048576K
}
Event: 9.203 GC heap after
{Heap after GC invocations=13 (full 0):
 garbage-first heap   total 189440K, used 49726K [0x0000000080000000, 0x0000000100000000)
  region size 1024K, 4 young (4096K), 4 survivors (4096K)
 Metaspace       used 58998K, capacity 60388K, committed 60508K, reserved 1101824K
  class space    used 7409K, capacity 7877K, committed 7936K, reserved 1048576K
}
Event: 11.341 GC heap before
{Heap before GC invocations=14 (full 0):
 garbage-first heap   total 189440K, used 128574K [0x0000000080000000, 0x0000000100000000)
  region size 1024K, 81 young (82944K), 4 survivors (4096K)
 Metaspace       used 64780K, capacity 66222K, committed 66396K, reserved 1107968K
  class space    used 8185K, capacity 8672K, committed 8704K, reserved 1048576K
}
Event: 11.356 GC heap after
{Heap after GC invocations=15 (full 0):
 garbage-first heap   total 189440K, used 55245K [0x0000000080000000, 0x0000000100000000)
  region size 1024K, 9 young (9216K), 9 survivors (9216K)
 Metaspace       used 64780K, capacity 66222K, committed 66396K, reserved 1107968K
  class space    used 8185K, capacity 8672K, committed 8704K, reserved 1048576K
}

