# JRE version: OpenJDK Runtime Environment (11.0.10) (build 11.0.10+0-b96-7249189)
# Java VM: OpenJDK 64-Bit Server VM (11.0.10+0-b96-7249189, mixed mode, tiered, compressed oops, g1 gc, windows-amd64)
Heap:
 garbage-first heap   total 332800K, used 204219K [0x0000000080000000, 0x0000000100000000)
  region size 1024K, 3 young (3072K), 3 survivors (3072K)
 Metaspace       used 125044K, capacity 128359K, committed 128600K, reserved 1161216K
  class space    used 15493K, capacity 16682K, committed 16768K, reserved 1048576K
GC Heap History (20 events):
Event: 70.837 GC heap after
{Heap after GC invocations=57 (full 0):
 garbage-first heap   total 227328K, used 158085K [0x0000000080000000, 0x0000000100000000)
  region size 1024K, 2 young (2048K), 2 survivors (2048K)
 Metaspace       used 117486K, capacity 120628K, committed 120664K, reserved 1155072K
  class space    used 14593K, capacity 15715K, committed 15744K, reserved 1048576K
}
Event: 70.998 GC heap before
{Heap before GC invocations=57 (full 0):
 garbage-first heap   total 227328K, used 186757K [0x0000000080000000, 0x0000000100000000)
  region size 1024K, 29 young (29696K), 2 survivors (2048K)
 Metaspace       used 117503K, capacity 120693K, committed 120920K, reserved 1155072K
  class space    used 14593K, capacity 15715K, committed 15744K, reserved 1048576K
}
Event: 71.004 GC heap after
{Heap after GC invocations=58 (full 0):
 garbage-first heap   total 227328K, used 159374K [0x0000000080000000, 0x0000000100000000)
  region size 1024K, 4 young (4096K), 4 survivors (4096K)
 Metaspace       used 117503K, capacity 120693K, committed 120920K, reserved 1155072K
  class space    used 14593K, capacity 15715K, committed 15744K, reserved 1048576K
}
Event: 71.126 GC heap before
{Heap before GC invocations=58 (full 0):
 garbage-first heap   total 227328K, used 185998K [0x0000000080000000, 0x0000000100000000)
  region size 1024K, 31 young (31744K), 4 survivors (4096K)
 Metaspace       used 118222K, capacity 121469K, committed 121560K, reserved 1155072K
  class space    used 14691K, capacity 15845K, committed 15872K, reserved 1048576K
}
Event: 71.131 GC heap after
{Heap after GC invocations=59 (full 0):
 garbage-first heap   total 227328K, used 160757K [0x0000000080000000, 0x0000000100000000)
  region size 1024K, 3 young (3072K), 3 survivors (3072K)
 Metaspace       used 118222K, capacity 121469K, committed 121560K, reserved 1155072K
  class space    used 14691K, capacity 15845K, committed 15872K, reserved 1048576K
}
Event: 71.296 GC heap before
{Heap before GC invocations=59 (full 0):
 garbage-first heap   total 227328K, used 189429K [0x0000000080000000, 0x0000000100000000)
  region size 1024K, 32 young (32768K), 3 survivors (3072K)
 Metaspace       used 118980K, capacity 122349K, committed 122456K, reserved 1155072K
  class space    used 14805K, capacity 15945K, committed 16000K, reserved 1048576K
}
Event: 71.302 GC heap after
{Heap after GC invocations=60 (full 0):
 garbage-first heap   total 227328K, used 161716K [0x0000000080000000, 0x0000000100000000)
  region size 1024K, 3 young (3072K), 3 survivors (3072K)
 Metaspace       used 118980K, capacity 122349K, committed 122456K, reserved 1155072K
  class space    used 14805K, capacity 15945K, committed 16000K, reserved 1048576K
}
Event: 71.441 GC heap before
{Heap before GC invocations=60 (full 0):
 garbage-first heap   total 227328K, used 189364K [0x0000000080000000, 0x0000000100000000)
  region size 1024K, 31 young (31744K), 3 survivors (3072K)
 Metaspace       used 120120K, capacity 123456K, committed 123608K, reserved 1157120K
  class space    used 14931K, capacity 16080K, committed 16128K, reserved 1048576K
}
Event: 71.449 GC heap after
{Heap after GC invocations=61 (full 0):
 garbage-first heap   total 227328K, used 162506K [0x0000000080000000, 0x0000000100000000)
  region size 1024K, 3 young (3072K), 3 survivors (3072K)
 Metaspace       used 120120K, capacity 123456K, committed 123608K, reserved 1157120K
  class space    used 14931K, capacity 16080K, committed 16128K, reserved 1048576K
}
Event: 71.943 GC heap before
{Heap before GC invocations=62 (full 0):
 garbage-first heap   total 227328K, used 174794K [0x0000000080000000, 0x0000000100000000)
  region size 1024K, 32 young (32768K), 3 survivors (3072K)
 Metaspace       used 122802K, capacity 126109K, committed 126168K, reserved 1159168K
  class space    used 15247K, capacity 16384K, committed 16384K, reserved 1048576K
}
Event: 71.951 GC heap after
{Heap after GC invocations=63 (full 0):
 garbage-first heap   total 227328K, used 145741K [0x0000000080000000, 0x0000000100000000)
  region size 1024K, 3 young (3072K), 3 survivors (3072K)
 Metaspace       used 122802K, capacity 126109K, committed 126168K, reserved 1159168K
  class space    used 15247K, capacity 16384K, committed 16384K, reserved 1048576K
}
Event: 72.033 GC heap before
{Heap before GC invocations=63 (full 0):
 garbage-first heap   total 227328K, used 152909K [0x0000000080000000, 0x0000000100000000)
  region size 1024K, 11 young (11264K), 3 survivors (3072K)
 Metaspace       used 123187K, capacity 126501K, committed 126808K, reserved 1159168K
  class space    used 15280K, capacity 16428K, committed 16512K, reserved 1048576K
}
Event: 72.046 GC heap after
{Heap after GC invocations=64 (full 0):
 garbage-first heap   total 227328K, used 138418K [0x0000000080000000, 0x0000000100000000)
  region size 1024K, 2 young (2048K), 2 survivors (2048K)
 Metaspace       used 123187K, capacity 126501K, committed 126808K, reserved 1159168K
  class space    used 15280K, capacity 16428K, committed 16512K, reserved 1048576K
}
Event: 72.490 GC heap before
{Heap before GC invocations=64 (full 0):
 garbage-first heap   total 227328K, used 181426K [0x0000000080000000, 0x0000000100000000)
  region size 1024K, 45 young (46080K), 2 survivors (2048K)
 Metaspace       used 124395K, capacity 127661K, committed 127960K, reserved 1161216K
  class space    used 15410K, capacity 16578K, committed 16640K, reserved 1048576K
}
Event: 72.501 GC heap after
{Heap after GC invocations=65 (full 0):
 garbage-first heap   total 227328K, used 142235K [0x0000000080000000, 0x0000000100000000)
  region size 1024K, 6 young (6144K), 6 survivors (6144K)
 Metaspace       used 124395K, capacity 127661K, committed 127960K, reserved 1161216K
  class space    used 15410K, capacity 16578K, committed 16640K, reserved 1048576K
}
Event: 72.597 GC heap before
{Heap before GC invocations=65 (full 0):
 garbage-first heap   total 227328K, used 156571K [0x0000000080000000, 0x0000000100000000)
  region size 1024K, 15 young (15360K), 6 survivors (6144K)
 Metaspace       used 124461K, capacity 127830K, committed 127960K, reserved 1161216K
  class space    used 15418K, capacity 16613K, committed 16640K, reserved 1048576K
}
Event: 72.605 GC heap after
{Heap after GC invocations=66 (full 0):
 garbage-first heap   total 227328K, used 156597K [0x0000000080000000, 0x0000000100000000)
  region size 1024K, 6 young (6144K), 6 survivors (6144K)
 Metaspace       used 124461K, capacity 127830K, committed 127960K, reserved 1161216K
  class space    used 15418K, capacity 16613K, committed 16640K, reserved 1048576K
}
Event: 72.882 GC heap before
{Heap before GC invocations=66 (full 0):
 garbage-first heap   total 227328K, used 223157K [0x0000000080000000, 0x0000000100000000)
  region size 1024K, 34 young (34816K), 6 survivors (6144K)
 Metaspace       used 124765K, capacity 128127K, committed 128344K, reserved 1161216K
  class space    used 15458K, capacity 16648K, committed 16768K, reserved 1048576K
}
Event: 72.894 GC heap after
{Heap after GC invocations=67 (full 0):
 garbage-first heap   total 245760K, used 195945K [0x0000000080000000, 0x0000000100000000)
  region size 1024K, 5 young (5120K), 5 survivors (5120K)
 Metaspace       used 124765K, capacity 128127K, committed 128344K, reserved 1161216K
  class space    used 15458K, capacity 16648K, committed 16768K, reserved 1048576K
}
Event: 73.168 GC heap before
{Heap before GC invocations=68 (full 0):
 garbage-first heap   total 245760K, used 213353K [0x0000000080000000, 0x0000000100000000)
  region size 1024K, 17 young (17408K), 5 survivors (5120K)
 Metaspace       used 125044K, capacity 128359K, committed 128600K, reserved 1161216K
  class space    used 15493K, capacity 16682K, committed 16768K, reserved 1048576K
}

