# JRE version: OpenJDK Runtime Environment (11.0.10) (build 11.0.10+0-b96-7249189)
# Java VM: OpenJDK 64-Bit Server VM (11.0.10+0-b96-7249189, mixed mode, tiered, compressed oops, g1 gc, windows-amd64)
Heap:
 garbage-first heap   total 273408K, used 197195K [0x0000000080000000, 0x0000000100000000)
  region size 1024K, 64 young (65536K), 4 survivors (4096K)
 Metaspace       used 114160K, capacity 117289K, committed 117468K, reserved 1150976K
  class space    used 14338K, capacity 15419K, committed 15488K, reserved 1048576K
GC Heap History (20 events):
Event: 448.712 GC heap before
{Heap before GC invocations=66 (full 0):
 garbage-first heap   total 227328K, used 188793K [0x0000000080000000, 0x0000000100000000)
  region size 1024K, 76 young (77824K), 5 survivors (5120K)
 Metaspace       used 109311K, capacity 112344K, committed 112604K, reserved 1146880K
  class space    used 13803K, capacity 14855K, committed 14976K, reserved 1048576K
}
Event: 448.725 GC heap after
{Heap after GC invocations=67 (full 0):
 garbage-first heap   total 227328K, used 120984K [0x0000000080000000, 0x0000000100000000)
  region size 1024K, 9 young (9216K), 9 survivors (9216K)
 Metaspace       used 109311K, capacity 112344K, committed 112604K, reserved 1146880K
  class space    used 13803K, capacity 14855K, committed 14976K, reserved 1048576K
}
Event: 449.629 GC heap before
{Heap before GC invocations=67 (full 0):
 garbage-first heap   total 227328K, used 191640K [0x0000000080000000, 0x0000000100000000)
  region size 1024K, 77 young (78848K), 9 survivors (9216K)
 Metaspace       used 110158K, capacity 113201K, committed 113500K, reserved 1148928K
  class space    used 13905K, capacity 14992K, committed 15104K, reserved 1048576K
}
Event: 449.657 GC heap after
{Heap after GC invocations=68 (full 0):
 garbage-first heap   total 227328K, used 136890K [0x0000000080000000, 0x0000000100000000)
  region size 1024K, 10 young (10240K), 10 survivors (10240K)
 Metaspace       used 110158K, capacity 113201K, committed 113500K, reserved 1148928K
  class space    used 13905K, capacity 14992K, committed 15104K, reserved 1048576K
}
Event: 450.526 GC heap before
{Heap before GC invocations=68 (full 0):
 garbage-first heap   total 227328K, used 199354K [0x0000000080000000, 0x0000000100000000)
  region size 1024K, 55 young (56320K), 10 survivors (10240K)
 Metaspace       used 112924K, capacity 115932K, committed 116060K, reserved 1150976K
  class space    used 14216K, capacity 15297K, committed 15360K, reserved 1048576K
}
Event: 450.548 GC heap after
{Heap after GC invocations=69 (full 0):
 garbage-first heap   total 227328K, used 142166K [0x0000000080000000, 0x0000000100000000)
  region size 1024K, 5 young (5120K), 5 survivors (5120K)
 Metaspace       used 112924K, capacity 115932K, committed 116060K, reserved 1150976K
  class space    used 14216K, capacity 15297K, committed 15360K, reserved 1048576K
}
Event: 451.053 GC heap before
{Heap before GC invocations=69 (full 0):
 garbage-first heap   total 227328K, used 183126K [0x0000000080000000, 0x0000000100000000)
  region size 1024K, 47 young (48128K), 5 survivors (5120K)
 Metaspace       used 112939K, capacity 116007K, committed 116316K, reserved 1150976K
  class space    used 14217K, capacity 15299K, committed 15360K, reserved 1048576K
}
Event: 451.066 GC heap after
{Heap after GC invocations=70 (full 0):
 garbage-first heap   total 227328K, used 141783K [0x0000000080000000, 0x0000000100000000)
  region size 1024K, 2 young (2048K), 2 survivors (2048K)
 Metaspace       used 112939K, capacity 116007K, committed 116316K, reserved 1150976K
  class space    used 14217K, capacity 15299K, committed 15360K, reserved 1048576K
}
Event: 451.524 GC heap before
{Heap before GC invocations=71 (full 0):
 garbage-first heap   total 227328K, used 187863K [0x0000000080000000, 0x0000000100000000)
  region size 1024K, 46 young (47104K), 2 survivors (2048K)
 Metaspace       used 113914K, capacity 116920K, committed 117212K, reserved 1150976K
  class space    used 14319K, capacity 15408K, committed 15488K, reserved 1048576K
}
Event: 451.532 GC heap after
{Heap after GC invocations=72 (full 0):
 garbage-first heap   total 227328K, used 142153K [0x0000000080000000, 0x0000000100000000)
  region size 1024K, 3 young (3072K), 3 survivors (3072K)
 Metaspace       used 113914K, capacity 116920K, committed 117212K, reserved 1150976K
  class space    used 14319K, capacity 15408K, committed 15488K, reserved 1048576K
}
Event: 451.568 GC heap before
{Heap before GC invocations=72 (full 0):
 garbage-first heap   total 227328K, used 149321K [0x0000000080000000, 0x0000000100000000)
  region size 1024K, 11 young (11264K), 3 survivors (3072K)
 Metaspace       used 113922K, capacity 116932K, committed 117212K, reserved 1150976K
  class space    used 14322K, capacity 15412K, committed 15488K, reserved 1048576K
}
Event: 451.586 GC heap after
{Heap after GC invocations=73 (full 0):
 garbage-first heap   total 227328K, used 126979K [0x0000000080000000, 0x0000000100000000)
  region size 1024K, 2 young (2048K), 2 survivors (2048K)
 Metaspace       used 113922K, capacity 116932K, committed 117212K, reserved 1150976K
  class space    used 14322K, capacity 15412K, committed 15488K, reserved 1048576K
}
Event: 451.621 GC heap before
{Heap before GC invocations=73 (full 0):
 garbage-first heap   total 227328K, used 135171K [0x0000000080000000, 0x0000000100000000)
  region size 1024K, 11 young (11264K), 2 survivors (2048K)
 Metaspace       used 113922K, capacity 116932K, committed 117212K, reserved 1150976K
  class space    used 14322K, capacity 15412K, committed 15488K, reserved 1048576K
}
Event: 451.635 GC heap after
{Heap after GC invocations=74 (full 0):
 garbage-first heap   total 227328K, used 125653K [0x0000000080000000, 0x0000000100000000)
  region size 1024K, 1 young (1024K), 1 survivors (1024K)
 Metaspace       used 113922K, capacity 116932K, committed 117212K, reserved 1150976K
  class space    used 14322K, capacity 15412K, committed 15488K, reserved 1048576K
}
Event: 452.857 GC heap before
{Heap before GC invocations=74 (full 0):
 garbage-first heap   total 227328K, used 178901K [0x0000000080000000, 0x0000000100000000)
  region size 1024K, 54 young (55296K), 1 survivors (1024K)
 Metaspace       used 113934K, capacity 116932K, committed 117212K, reserved 1150976K
  class space    used 14322K, capacity 15412K, committed 15488K, reserved 1048576K
}
Event: 452.868 GC heap after
{Heap after GC invocations=75 (full 0):
 garbage-first heap   total 227328K, used 131845K [0x0000000080000000, 0x0000000100000000)
  region size 1024K, 7 young (7168K), 7 survivors (7168K)
 Metaspace       used 113934K, capacity 116932K, committed 117212K, reserved 1150976K
  class space    used 14322K, capacity 15412K, committed 15488K, reserved 1048576K
}
Event: 452.960 GC heap before
{Heap before GC invocations=75 (full 0):
 garbage-first heap   total 227328K, used 182021K [0x0000000080000000, 0x0000000100000000)
  region size 1024K, 57 young (58368K), 7 survivors (7168K)
 Metaspace       used 113943K, capacity 116996K, committed 117212K, reserved 1150976K
  class space    used 14322K, capacity 15412K, committed 15488K, reserved 1048576K
}
Event: 452.971 GC heap after
{Heap after GC invocations=76 (full 0):
 garbage-first heap   total 227328K, used 134858K [0x0000000080000000, 0x0000000100000000)
  region size 1024K, 3 young (3072K), 3 survivors (3072K)
 Metaspace       used 113943K, capacity 116996K, committed 117212K, reserved 1150976K
  class space    used 14322K, capacity 15412K, committed 15488K, reserved 1048576K
}
Event: 455.569 GC heap before
{Heap before GC invocations=76 (full 0):
 garbage-first heap   total 227328K, used 185034K [0x0000000080000000, 0x0000000100000000)
  region size 1024K, 53 young (54272K), 3 survivors (3072K)
 Metaspace       used 113994K, capacity 117070K, committed 117212K, reserved 1150976K
  class space    used 14323K, capacity 15414K, committed 15488K, reserved 1048576K
}
Event: 455.580 GC heap after
{Heap after GC invocations=77 (full 0):
 garbage-first heap   total 273408K, used 135755K [0x0000000080000000, 0x0000000100000000)
  region size 1024K, 4 young (4096K), 4 survivors (4096K)
 Metaspace       used 113994K, capacity 117070K, committed 117212K, reserved 1150976K
  class space    used 14323K, capacity 15414K, committed 15488K, reserved 1048576K
}

