# JRE version: OpenJDK Runtime Environment (11.0.10) (build 11.0.10+0-b96-7249189)
# Java VM: OpenJDK 64-Bit Server VM (11.0.10+0-b96-7249189, mixed mode, tiered, compressed oops, g1 gc, windows-amd64)
Heap:
 garbage-first heap   total 131072K, used 17125K [0x0000000080000000, 0x0000000100000000)
  region size 1024K, 3 young (3072K), 3 survivors (3072K)
 Metaspace       used 20210K, capacity 20617K, committed 20736K, reserved 1079296K
  class space    used 2373K, capacity 2502K, committed 2560K, reserved 1048576K
GC Heap History (10 events):
Event: 3.201 GC heap before
{Heap before GC invocations=0 (full 0):
 garbage-first heap   total 131072K, used 20480K [0x0000000080000000, 0x0000000100000000)
  region size 1024K, 14 young (14336K), 0 survivors (0K)
 Metaspace       used 7705K, capacity 7869K, committed 7936K, reserved 1056768K
  class space    used 719K, capacity 749K, committed 768K, reserved 1048576K
}
Event: 3.220 GC heap after
{Heap after GC invocations=1 (full 0):
 garbage-first heap   total 131072K, used 8218K [0x0000000080000000, 0x0000000100000000)
  region size 1024K, 2 young (2048K), 2 survivors (2048K)
 Metaspace       used 7705K, capacity 7869K, committed 7936K, reserved 1056768K
  class space    used 719K, capacity 749K, committed 768K, reserved 1048576K
}
Event: 4.058 GC heap before
{Heap before GC invocations=1 (full 0):
 garbage-first heap   total 131072K, used 19482K [0x0000000080000000, 0x0000000100000000)
  region size 1024K, 13 young (13312K), 2 survivors (2048K)
 Metaspace       used 10894K, capacity 11204K, committed 11520K, reserved 1058816K
  class space    used 1145K, capacity 1201K, committed 1280K, reserved 1048576K
}
Event: 4.062 GC heap after
{Heap after GC invocations=2 (full 0):
 garbage-first heap   total 131072K, used 9036K [0x0000000080000000, 0x0000000100000000)
  region size 1024K, 1 young (1024K), 1 survivors (1024K)
 Metaspace       used 10894K, capacity 11204K, committed 11520K, reserved 1058816K
  class space    used 1145K, capacity 1201K, committed 1280K, reserved 1048576K
}
Event: 4.866 GC heap before
{Heap before GC invocations=2 (full 0):
 garbage-first heap   total 131072K, used 36684K [0x0000000080000000, 0x0000000100000000)
  region size 1024K, 28 young (28672K), 1 survivors (1024K)
 Metaspace       used 11049K, capacity 11332K, committed 11520K, reserved 1058816K
  class space    used 1147K, capacity 1201K, committed 1280K, reserved 1048576K
}
Event: 4.870 GC heap after
{Heap after GC invocations=3 (full 0):
 garbage-first heap   total 131072K, used 13277K [0x0000000080000000, 0x0000000100000000)
  region size 1024K, 4 young (4096K), 4 survivors (4096K)
 Metaspace       used 11049K, capacity 11332K, committed 11520K, reserved 1058816K
  class space    used 1147K, capacity 1201K, committed 1280K, reserved 1048576K
}
Event: 8.340 GC heap before
{Heap before GC invocations=3 (full 0):
 garbage-first heap   total 131072K, used 53213K [0x0000000080000000, 0x0000000100000000)
  region size 1024K, 43 young (44032K), 4 survivors (4096K)
 Metaspace       used 18556K, capacity 19023K, committed 19072K, reserved 1067008K
  class space    used 2239K, capacity 2396K, committed 2432K, reserved 1048576K
}
Event: 8.363 GC heap after
{Heap after GC invocations=4 (full 0):
 garbage-first heap   total 131072K, used 15815K [0x0000000080000000, 0x0000000100000000)
  region size 1024K, 3 young (3072K), 3 survivors (3072K)
 Metaspace       used 18556K, capacity 19023K, committed 19072K, reserved 1067008K
  class space    used 2239K, capacity 2396K, committed 2432K, reserved 1048576K
}
Event: 8.545 GC heap before
{Heap before GC invocations=4 (full 0):
 garbage-first heap   total 131072K, used 24007K [0x0000000080000000, 0x0000000100000000)
  region size 1024K, 12 young (12288K), 3 survivors (3072K)
 Metaspace       used 20210K, capacity 20617K, committed 20736K, reserved 1077248K
  class space    used 2373K, capacity 2502K, committed 2560K, reserved 1048576K
}
Event: 8.550 GC heap after
{Heap after GC invocations=5 (full 0):
 garbage-first heap   total 131072K, used 17125K [0x0000000080000000, 0x0000000100000000)
  region size 1024K, 3 young (3072K), 3 survivors (3072K)
 Metaspace       used 20210K, capacity 20617K, committed 20736K, reserved 1077248K
  class space    used 2373K, capacity 2502K, committed 2560K, reserved 1048576K
}

