# JRE version: OpenJDK Runtime Environment (11.0.10) (build 11.0.10+0-b96-7249189)
# Java VM: OpenJDK 64-Bit Server VM (11.0.10+0-b96-7249189, mixed mode, tiered, compressed oops, g1 gc, windows-amd64)
Heap:
 garbage-first heap   total 273408K, used 177394K [0x0000000080000000, 0x0000000100000000)
  region size 1024K, 63 young (64512K), 13 survivors (13312K)
 Metaspace       used 102756K, capacity 105272K, committed 105300K, reserved 1140736K
  class space    used 13018K, capacity 13941K, committed 13952K, reserved 1048576K
GC Heap History (20 events):
Event: 31.501 GC heap before
{Heap before GC invocations=33 (full 0):
 garbage-first heap   total 189440K, used 167817K [0x0000000080000000, 0x0000000100000000)
  region size 1024K, 44 young (45056K), 5 survivors (5120K)
 Metaspace       used 86650K, capacity 88740K, committed 89044K, reserved 1126400K
  class space    used 10986K, capacity 11713K, committed 11776K, reserved 1048576K
}
Event: 31.506 GC heap after
{Heap after GC invocations=34 (full 0):
 garbage-first heap   total 227328K, used 109327K [0x0000000080000000, 0x0000000100000000)
  region size 1024K, 3 young (3072K), 3 survivors (3072K)
 Metaspace       used 86650K, capacity 88740K, committed 89044K, reserved 1126400K
  class space    used 10986K, capacity 11713K, committed 11776K, reserved 1048576K
}
Event: 32.097 GC heap before
{Heap before GC invocations=34 (full 0):
 garbage-first heap   total 227328K, used 173839K [0x0000000080000000, 0x0000000100000000)
  region size 1024K, 67 young (68608K), 3 survivors (3072K)
 Metaspace       used 87357K, capacity 89431K, committed 89684K, reserved 1128448K
  class space    used 11064K, capacity 11825K, committed 11904K, reserved 1048576K
}
Event: 32.107 GC heap after
{Heap after GC invocations=35 (full 0):
 garbage-first heap   total 227328K, used 110899K [0x0000000080000000, 0x0000000100000000)
  region size 1024K, 4 young (4096K), 4 survivors (4096K)
 Metaspace       used 87357K, capacity 89431K, committed 89684K, reserved 1128448K
  class space    used 11064K, capacity 11825K, committed 11904K, reserved 1048576K
}
Event: 33.202 GC heap before
{Heap before GC invocations=36 (full 0):
 garbage-first heap   total 227328K, used 170291K [0x0000000080000000, 0x0000000100000000)
  region size 1024K, 70 young (71680K), 4 survivors (4096K)
 Metaspace       used 91269K, capacity 93417K, committed 93780K, reserved 1130496K
  class space    used 11548K, capacity 12290K, committed 12416K, reserved 1048576K
}
Event: 33.212 GC heap after
{Heap after GC invocations=37 (full 0):
 garbage-first heap   total 227328K, used 103468K [0x0000000080000000, 0x0000000100000000)
  region size 1024K, 7 young (7168K), 7 survivors (7168K)
 Metaspace       used 91269K, capacity 93417K, committed 93780K, reserved 1130496K
  class space    used 11548K, capacity 12290K, committed 12416K, reserved 1048576K
}
Event: 33.233 GC heap before
{Heap before GC invocations=37 (full 0):
 garbage-first heap   total 227328K, used 107564K [0x0000000080000000, 0x0000000100000000)
  region size 1024K, 11 young (11264K), 7 survivors (7168K)
 Metaspace       used 91277K, capacity 93417K, committed 93780K, reserved 1130496K
  class space    used 11548K, capacity 12290K, committed 12416K, reserved 1048576K
}
Event: 33.243 GC heap after
{Heap after GC invocations=38 (full 0):
 garbage-first heap   total 227328K, used 94535K [0x0000000080000000, 0x0000000100000000)
  region size 1024K, 1 young (1024K), 1 survivors (1024K)
 Metaspace       used 91277K, capacity 93417K, committed 93780K, reserved 1130496K
  class space    used 11548K, capacity 12290K, committed 12416K, reserved 1048576K
}
Event: 33.996 GC heap before
{Heap before GC invocations=38 (full 0):
 garbage-first heap   total 227328K, used 170311K [0x0000000080000000, 0x0000000100000000)
  region size 1024K, 76 young (77824K), 1 survivors (1024K)
 Metaspace       used 91737K, capacity 93963K, committed 94292K, reserved 1132544K
  class space    used 11571K, capacity 12332K, committed 12416K, reserved 1048576K
}
Event: 34.009 GC heap after
{Heap after GC invocations=39 (full 0):
 garbage-first heap   total 227328K, used 100936K [0x0000000080000000, 0x0000000100000000)
  region size 1024K, 8 young (8192K), 8 survivors (8192K)
 Metaspace       used 91737K, capacity 93963K, committed 94292K, reserved 1132544K
  class space    used 11571K, capacity 12332K, committed 12416K, reserved 1048576K
}
Event: 34.806 GC heap before
{Heap before GC invocations=39 (full 0):
 garbage-first heap   total 227328K, used 174664K [0x0000000080000000, 0x0000000100000000)
  region size 1024K, 81 young (82944K), 8 survivors (8192K)
 Metaspace       used 92128K, capacity 94284K, committed 94548K, reserved 1132544K
  class space    used 11599K, capacity 12370K, committed 12416K, reserved 1048576K
}
Event: 34.822 GC heap after
{Heap after GC invocations=40 (full 0):
 garbage-first heap   total 227328K, used 105520K [0x0000000080000000, 0x0000000100000000)
  region size 1024K, 10 young (10240K), 10 survivors (10240K)
 Metaspace       used 92128K, capacity 94284K, committed 94548K, reserved 1132544K
  class space    used 11599K, capacity 12370K, committed 12416K, reserved 1048576K
}
Event: 35.208 GC heap before
{Heap before GC invocations=40 (full 0):
 garbage-first heap   total 227328K, used 176176K [0x0000000080000000, 0x0000000100000000)
  region size 1024K, 80 young (81920K), 10 survivors (10240K)
 Metaspace       used 92219K, capacity 94415K, committed 94548K, reserved 1132544K
  class space    used 11607K, capacity 12370K, committed 12416K, reserved 1048576K
}
Event: 35.220 GC heap after
{Heap after GC invocations=41 (full 0):
 garbage-first heap   total 227328K, used 104973K [0x0000000080000000, 0x0000000100000000)
  region size 1024K, 6 young (6144K), 6 survivors (6144K)
 Metaspace       used 92219K, capacity 94415K, committed 94548K, reserved 1132544K
  class space    used 11607K, capacity 12370K, committed 12416K, reserved 1048576K
}
Event: 35.760 GC heap before
{Heap before GC invocations=41 (full 0):
 garbage-first heap   total 227328K, used 181773K [0x0000000080000000, 0x0000000100000000)
  region size 1024K, 78 young (79872K), 6 survivors (6144K)
 Metaspace       used 93811K, capacity 96137K, committed 96340K, reserved 1132544K
  class space    used 11821K, capacity 12602K, committed 12672K, reserved 1048576K
}
Event: 35.775 GC heap after
{Heap after GC invocations=42 (full 0):
 garbage-first heap   total 227328K, used 112487K [0x0000000080000000, 0x0000000100000000)
  region size 1024K, 10 young (10240K), 10 survivors (10240K)
 Metaspace       used 93811K, capacity 96137K, committed 96340K, reserved 1132544K
  class space    used 11821K, capacity 12602K, committed 12672K, reserved 1048576K
}
Event: 36.227 GC heap before
{Heap before GC invocations=42 (full 0):
 garbage-first heap   total 227328K, used 179047K [0x0000000080000000, 0x0000000100000000)
  region size 1024K, 76 young (77824K), 10 survivors (10240K)
 Metaspace       used 96173K, capacity 98555K, committed 98772K, reserved 1134592K
  class space    used 12150K, capacity 12961K, committed 13056K, reserved 1048576K
}
Event: 36.251 GC heap after
{Heap after GC invocations=43 (full 0):
 garbage-first heap   total 273408K, used 116736K [0x0000000080000000, 0x0000000100000000)
  region size 1024K, 9 young (9216K), 9 survivors (9216K)
 Metaspace       used 96173K, capacity 98555K, committed 98772K, reserved 1134592K
  class space    used 12150K, capacity 12961K, committed 13056K, reserved 1048576K
}
Event: 37.524 GC heap before
{Heap before GC invocations=44 (full 0):
 garbage-first heap   total 273408K, used 212992K [0x0000000080000000, 0x0000000100000000)
  region size 1024K, 104 young (106496K), 9 survivors (9216K)
 Metaspace       used 101879K, capacity 104456K, committed 104532K, reserved 1140736K
  class space    used 12994K, capacity 13933K, committed 13952K, reserved 1048576K
}
Event: 37.552 GC heap after
{Heap after GC invocations=45 (full 0):
 garbage-first heap   total 273408K, used 127218K [0x0000000080000000, 0x0000000100000000)
  region size 1024K, 13 young (13312K), 13 survivors (13312K)
 Metaspace       used 101879K, capacity 104456K, committed 104532K, reserved 1140736K
  class space    used 12994K, capacity 13933K, committed 13952K, reserved 1048576K
}

