# JRE version: OpenJDK Runtime Environment (11.0.10) (build 11.0.10+0-b96-7249189)
# Java VM: OpenJDK 64-Bit Server VM (11.0.10+0-b96-7249189, mixed mode, tiered, compressed oops, g1 gc, windows-amd64)
Heap:
 garbage-first heap   total 306176K, used 237568K [0x0000000080000000, 0x0000000100000000)
  region size 1024K, 37 young (37888K), 8 survivors (8192K)
 Metaspace       used 91403K, capacity 93699K, committed 93916K, reserved 1130496K
  class space    used 11790K, capacity 12574K, committed 12672K, reserved 1048576K
GC Heap History (20 events):
Event: 21.168 GC heap before
{Heap before GC invocations=27 (full 0):
 garbage-first heap   total 189440K, used 157070K [0x0000000080000000, 0x0000000100000000)
  region size 1024K, 85 young (87040K), 6 survivors (6144K)
 Metaspace       used 81541K, capacity 83427K, committed 83676K, reserved 1122304K
  class space    used 10447K, capacity 11115K, committed 11136K, reserved 1048576K
}
Event: 21.180 GC heap after
{Heap after GC invocations=28 (full 0):
 garbage-first heap   total 189440K, used 80519K [0x0000000080000000, 0x0000000100000000)
  region size 1024K, 10 young (10240K), 10 survivors (10240K)
 Metaspace       used 81541K, capacity 83427K, committed 83676K, reserved 1122304K
  class space    used 10447K, capacity 11115K, committed 11136K, reserved 1048576K
}
Event: 22.127 GC heap before
{Heap before GC invocations=28 (full 0):
 garbage-first heap   total 189440K, used 156295K [0x0000000080000000, 0x0000000100000000)
  region size 1024K, 85 young (87040K), 10 survivors (10240K)
 Metaspace       used 85612K, capacity 87725K, committed 87900K, reserved 1126400K
  class space    used 10932K, capacity 11709K, committed 11776K, reserved 1048576K
}
Event: 22.142 GC heap after
{Heap after GC invocations=29 (full 0):
 garbage-first heap   total 189440K, used 84412K [0x0000000080000000, 0x0000000100000000)
  region size 1024K, 9 young (9216K), 9 survivors (9216K)
 Metaspace       used 85612K, capacity 87725K, committed 87900K, reserved 1126400K
  class space    used 10932K, capacity 11709K, committed 11776K, reserved 1048576K
}
Event: 22.904 GC heap before
{Heap before GC invocations=29 (full 0):
 garbage-first heap   total 189440K, used 157116K [0x0000000080000000, 0x0000000100000000)
  region size 1024K, 81 young (82944K), 9 survivors (9216K)
 Metaspace       used 86031K, capacity 88045K, committed 88156K, reserved 1126400K
  class space    used 10968K, capacity 11725K, committed 11776K, reserved 1048576K
}
Event: 22.922 GC heap after
{Heap after GC invocations=30 (full 0):
 garbage-first heap   total 189440K, used 90704K [0x0000000080000000, 0x0000000100000000)
  region size 1024K, 10 young (10240K), 10 survivors (10240K)
 Metaspace       used 86031K, capacity 88045K, committed 88156K, reserved 1126400K
  class space    used 10968K, capacity 11725K, committed 11776K, reserved 1048576K
}
Event: 23.352 GC heap before
{Heap before GC invocations=30 (full 0):
 garbage-first heap   total 189440K, used 156240K [0x0000000080000000, 0x0000000100000000)
  region size 1024K, 75 young (76800K), 10 survivors (10240K)
 Metaspace       used 86157K, capacity 88304K, committed 88412K, reserved 1126400K
  class space    used 10973K, capacity 11725K, committed 11776K, reserved 1048576K
}
Event: 23.375 GC heap after
{Heap after GC invocations=31 (full 0):
 garbage-first heap   total 227328K, used 96017K [0x0000000080000000, 0x0000000100000000)
  region size 1024K, 8 young (8192K), 8 survivors (8192K)
 Metaspace       used 86157K, capacity 88304K, committed 88412K, reserved 1126400K
  class space    used 10973K, capacity 11725K, committed 11776K, reserved 1048576K
}
Event: 23.886 GC heap before
{Heap before GC invocations=31 (full 0):
 garbage-first heap   total 227328K, used 175889K [0x0000000080000000, 0x0000000100000000)
  region size 1024K, 74 young (75776K), 8 survivors (8192K)
 Metaspace       used 87037K, capacity 89220K, committed 89308K, reserved 1126400K
  class space    used 11100K, capacity 11834K, committed 11904K, reserved 1048576K
}
Event: 23.908 GC heap after
{Heap after GC invocations=32 (full 0):
 garbage-first heap   total 227328K, used 122168K [0x0000000080000000, 0x0000000100000000)
  region size 1024K, 12 young (12288K), 12 survivors (12288K)
 Metaspace       used 87037K, capacity 89220K, committed 89308K, reserved 1126400K
  class space    used 11100K, capacity 11834K, committed 11904K, reserved 1048576K
}
Event: 24.512 GC heap before
{Heap before GC invocations=33 (full 0):
 garbage-first heap   total 227328K, used 217400K [0x0000000080000000, 0x0000000100000000)
  region size 1024K, 69 young (70656K), 12 survivors (12288K)
 Metaspace       used 89297K, capacity 91416K, committed 91740K, reserved 1128448K
  class space    used 11429K, capacity 12174K, committed 12288K, reserved 1048576K
}
Event: 24.537 GC heap after
{Heap after GC invocations=34 (full 0):
 garbage-first heap   total 248832K, used 160033K [0x0000000080000000, 0x0000000100000000)
  region size 1024K, 9 young (9216K), 9 survivors (9216K)
 Metaspace       used 89297K, capacity 91416K, committed 91740K, reserved 1128448K
  class space    used 11429K, capacity 12174K, committed 12288K, reserved 1048576K
}
Event: 24.703 GC heap before
{Heap before GC invocations=34 (full 0):
 garbage-first heap   total 248832K, used 196897K [0x0000000080000000, 0x0000000100000000)
  region size 1024K, 46 young (47104K), 9 survivors (9216K)
 Metaspace       used 89397K, capacity 91516K, committed 91740K, reserved 1128448K
  class space    used 11433K, capacity 12180K, committed 12288K, reserved 1048576K
}
Event: 24.757 GC heap after
{Heap after GC invocations=35 (full 0):
 garbage-first heap   total 248832K, used 166774K [0x0000000080000000, 0x0000000100000000)
  region size 1024K, 6 young (6144K), 6 survivors (6144K)
 Metaspace       used 89397K, capacity 91516K, committed 91740K, reserved 1128448K
  class space    used 11433K, capacity 12180K, committed 12288K, reserved 1048576K
}
Event: 25.089 GC heap before
{Heap before GC invocations=35 (full 0):
 garbage-first heap   total 248832K, used 202614K [0x0000000080000000, 0x0000000100000000)
  region size 1024K, 40 young (40960K), 6 survivors (6144K)
 Metaspace       used 89429K, capacity 91580K, committed 91740K, reserved 1128448K
  class space    used 11433K, capacity 12180K, committed 12288K, reserved 1048576K
}
Event: 25.122 GC heap after
{Heap after GC invocations=36 (full 0):
 garbage-first heap   total 306176K, used 177152K [0x0000000080000000, 0x0000000100000000)
  region size 1024K, 5 young (5120K), 5 survivors (5120K)
 Metaspace       used 89429K, capacity 91580K, committed 91740K, reserved 1128448K
  class space    used 11433K, capacity 12180K, committed 12288K, reserved 1048576K
}
Event: 25.410 GC heap before
{Heap before GC invocations=37 (full 0):
 garbage-first heap   total 306176K, used 228352K [0x0000000080000000, 0x0000000100000000)
  region size 1024K, 57 young (58368K), 5 survivors (5120K)
 Metaspace       used 89436K, capacity 91583K, committed 91740K, reserved 1128448K
  class space    used 11434K, capacity 12181K, committed 12288K, reserved 1048576K
}
Event: 25.448 GC heap after
{Heap after GC invocations=38 (full 0):
 garbage-first heap   total 306176K, used 190246K [0x0000000080000000, 0x0000000100000000)
  region size 1024K, 9 young (9216K), 9 survivors (9216K)
 Metaspace       used 89436K, capacity 91583K, committed 91740K, reserved 1128448K
  class space    used 11434K, capacity 12181K, committed 12288K, reserved 1048576K
}
Event: 26.087 GC heap before
{Heap before GC invocations=39 (full 0):
 garbage-first heap   total 306176K, used 245542K [0x0000000080000000, 0x0000000100000000)
  region size 1024K, 60 young (61440K), 9 survivors (9216K)
 Metaspace       used 91249K, capacity 93531K, committed 93660K, reserved 1130496K
  class space    used 11783K, capacity 12568K, committed 12672K, reserved 1048576K
}
Event: 26.140 GC heap after
{Heap after GC invocations=40 (full 0):
 garbage-first heap   total 306176K, used 208896K [0x0000000080000000, 0x0000000100000000)
  region size 1024K, 8 young (8192K), 8 survivors (8192K)
 Metaspace       used 91249K, capacity 93531K, committed 93660K, reserved 1130496K
  class space    used 11783K, capacity 12568K, committed 12672K, reserved 1048576K
}

