# JRE version: OpenJDK Runtime Environment (11.0.10) (build 11.0.10+0-b96-7249189)
# Java VM: OpenJDK 64-Bit Server VM (11.0.10+0-b96-7249189, mixed mode, tiered, compressed oops, g1 gc, windows-amd64)
Heap:
 garbage-first heap   total 307200K, used 154521K [0x0000000080000000, 0x0000000100000000)
  region size 1024K, 35 young (35840K), 4 survivors (4096K)
 Metaspace       used 135233K, capacity 139288K, committed 139356K, reserved 1171456K
  class space    used 15968K, capacity 17344K, committed 17408K, reserved 1048576K
GC Heap History (20 events):
Event: 6724.919 GC heap before
{Heap before GC invocations=336 (full 0):
 garbage-first heap   total 307200K, used 244754K [0x0000000080000000, 0x0000000100000000)
  region size 1024K, 117 young (119808K), 1 survivors (1024K)
 Metaspace       used 134004K, capacity 138058K, committed 138204K, reserved 1171456K
  class space    used 15832K, capacity 17192K, committed 17280K, reserved 1048576K
}
Event: 6724.924 GC heap after
{Heap after GC invocations=337 (full 0):
 garbage-first heap   total 307200K, used 125416K [0x0000000080000000, 0x0000000100000000)
  region size 1024K, 1 young (1024K), 1 survivors (1024K)
 Metaspace       used 134004K, capacity 138058K, committed 138204K, reserved 1171456K
  class space    used 15832K, capacity 17192K, committed 17280K, reserved 1048576K
}
Event: 6725.675 GC heap before
{Heap before GC invocations=338 (full 0):
 garbage-first heap   total 307200K, used 247272K [0x0000000080000000, 0x0000000100000000)
  region size 1024K, 121 young (123904K), 1 survivors (1024K)
 Metaspace       used 134018K, capacity 138058K, committed 138204K, reserved 1171456K
  class space    used 15833K, capacity 17192K, committed 17280K, reserved 1048576K
}
Event: 6725.690 GC heap after
{Heap after GC invocations=339 (full 0):
 garbage-first heap   total 307200K, used 131672K [0x0000000080000000, 0x0000000100000000)
  region size 1024K, 7 young (7168K), 7 survivors (7168K)
 Metaspace       used 134018K, capacity 138058K, committed 138204K, reserved 1171456K
  class space    used 15833K, capacity 17192K, committed 17280K, reserved 1048576K
}
Event: 6725.710 GC heap before
{Heap before GC invocations=339 (full 0):
 garbage-first heap   total 307200K, used 138840K [0x0000000080000000, 0x0000000100000000)
  region size 1024K, 15 young (15360K), 7 survivors (7168K)
 Metaspace       used 134018K, capacity 138058K, committed 138204K, reserved 1171456K
  class space    used 15833K, capacity 17192K, committed 17280K, reserved 1048576K
}
Event: 6725.728 GC heap after
{Heap after GC invocations=340 (full 0):
 garbage-first heap   total 307200K, used 123152K [0x0000000080000000, 0x0000000100000000)
  region size 1024K, 1 young (1024K), 1 survivors (1024K)
 Metaspace       used 134018K, capacity 138058K, committed 138204K, reserved 1171456K
  class space    used 15833K, capacity 17192K, committed 17280K, reserved 1048576K
}
Event: 6728.377 GC heap before
{Heap before GC invocations=340 (full 0):
 garbage-first heap   total 307200K, used 247056K [0x0000000080000000, 0x0000000100000000)
  region size 1024K, 123 young (125952K), 1 survivors (1024K)
 Metaspace       used 134034K, capacity 138061K, committed 138204K, reserved 1171456K
  class space    used 15835K, capacity 17193K, committed 17280K, reserved 1048576K
}
Event: 6728.392 GC heap after
{Heap after GC invocations=341 (full 0):
 garbage-first heap   total 307200K, used 125839K [0x0000000080000000, 0x0000000100000000)
  region size 1024K, 4 young (4096K), 4 survivors (4096K)
 Metaspace       used 134034K, capacity 138061K, committed 138204K, reserved 1171456K
  class space    used 15835K, capacity 17193K, committed 17280K, reserved 1048576K
}
Event: 6740.702 GC heap before
{Heap before GC invocations=342 (full 0):
 garbage-first heap   total 307200K, used 250767K [0x0000000080000000, 0x0000000100000000)
  region size 1024K, 127 young (130048K), 4 survivors (4096K)
 Metaspace       used 134127K, capacity 138139K, committed 138460K, reserved 1171456K
  class space    used 15837K, capacity 17196K, committed 17280K, reserved 1048576K
}
Event: 6740.714 GC heap after
{Heap after GC invocations=343 (full 0):
 garbage-first heap   total 307200K, used 128382K [0x0000000080000000, 0x0000000100000000)
  region size 1024K, 6 young (6144K), 6 survivors (6144K)
 Metaspace       used 134127K, capacity 138139K, committed 138460K, reserved 1171456K
  class space    used 15837K, capacity 17196K, committed 17280K, reserved 1048576K
}
Event: 6740.826 GC heap before
{Heap before GC invocations=343 (full 0):
 garbage-first heap   total 307200K, used 137598K [0x0000000080000000, 0x0000000100000000)
  region size 1024K, 15 young (15360K), 6 survivors (6144K)
 Metaspace       used 134127K, capacity 138139K, committed 138460K, reserved 1171456K
  class space    used 15837K, capacity 17196K, committed 17280K, reserved 1048576K
}
Event: 6740.841 GC heap after
{Heap after GC invocations=344 (full 0):
 garbage-first heap   total 307200K, used 127469K [0x0000000080000000, 0x0000000100000000)
  region size 1024K, 1 young (1024K), 1 survivors (1024K)
 Metaspace       used 134127K, capacity 138139K, committed 138460K, reserved 1171456K
  class space    used 15837K, capacity 17196K, committed 17280K, reserved 1048576K
}
Event: 6742.371 GC heap before
{Heap before GC invocations=344 (full 0):
 garbage-first heap   total 307200K, used 253421K [0x0000000080000000, 0x0000000100000000)
  region size 1024K, 124 young (126976K), 1 survivors (1024K)
 Metaspace       used 134127K, capacity 138139K, committed 138460K, reserved 1171456K
  class space    used 15837K, capacity 17196K, committed 17280K, reserved 1048576K
}
Event: 6742.377 GC heap after
{Heap after GC invocations=345 (full 0):
 garbage-first heap   total 307200K, used 127163K [0x0000000080000000, 0x0000000100000000)
  region size 1024K, 1 young (1024K), 1 survivors (1024K)
 Metaspace       used 134127K, capacity 138139K, committed 138460K, reserved 1171456K
  class space    used 15837K, capacity 17196K, committed 17280K, reserved 1048576K
}
Event: 6743.808 GC heap before
{Heap before GC invocations=346 (full 0):
 garbage-first heap   total 307200K, used 256187K [0x0000000080000000, 0x0000000100000000)
  region size 1024K, 127 young (130048K), 1 survivors (1024K)
 Metaspace       used 134138K, capacity 138139K, committed 138460K, reserved 1171456K
  class space    used 15837K, capacity 17196K, committed 17280K, reserved 1048576K
}
Event: 6743.818 GC heap after
{Heap after GC invocations=347 (full 0):
 garbage-first heap   total 307200K, used 130923K [0x0000000080000000, 0x0000000100000000)
  region size 1024K, 5 young (5120K), 5 survivors (5120K)
 Metaspace       used 134138K, capacity 138139K, committed 138460K, reserved 1171456K
  class space    used 15837K, capacity 17196K, committed 17280K, reserved 1048576K
}
Event: 6743.856 GC heap before
{Heap before GC invocations=347 (full 0):
 garbage-first heap   total 307200K, used 140139K [0x0000000080000000, 0x0000000100000000)
  region size 1024K, 15 young (15360K), 5 survivors (5120K)
 Metaspace       used 134138K, capacity 138139K, committed 138460K, reserved 1171456K
  class space    used 15837K, capacity 17196K, committed 17280K, reserved 1048576K
}
Event: 6743.870 GC heap after
{Heap after GC invocations=348 (full 0):
 garbage-first heap   total 307200K, used 121424K [0x0000000080000000, 0x0000000100000000)
  region size 1024K, 1 young (1024K), 1 survivors (1024K)
 Metaspace       used 134138K, capacity 138139K, committed 138460K, reserved 1171456K
  class space    used 15837K, capacity 17196K, committed 17280K, reserved 1048576K
}
Event: 6744.878 GC heap before
{Heap before GC invocations=348 (full 0):
 garbage-first heap   total 307200K, used 254544K [0x0000000080000000, 0x0000000100000000)
  region size 1024K, 132 young (135168K), 1 survivors (1024K)
 Metaspace       used 135233K, capacity 139288K, committed 139356K, reserved 1171456K
  class space    used 15968K, capacity 17344K, committed 17408K, reserved 1048576K
}
Event: 6744.891 GC heap after
{Heap after GC invocations=349 (full 0):
 garbage-first heap   total 307200K, used 124825K [0x0000000080000000, 0x0000000100000000)
  region size 1024K, 4 young (4096K), 4 survivors (4096K)
 Metaspace       used 135233K, capacity 139288K, committed 139356K, reserved 1171456K
  class space    used 15968K, capacity 17344K, committed 17408K, reserved 1048576K
}

