# JRE version: OpenJDK Runtime Environment (11.0.10) (build 11.0.10+0-b96-7249189)
# Java VM: OpenJDK 64-Bit Server VM (11.0.10+0-b96-7249189, mixed mode, tiered, compressed oops, g1 gc, windows-amd64)
Heap:
 garbage-first heap   total 395264K, used 287186K [0x0000000080000000, 0x0000000100000000)
  region size 1024K, 132 young (135168K), 5 survivors (5120K)
 Metaspace       used 142372K, capacity 147303K, committed 147708K, reserved 1179648K
  class space    used 16466K, capacity 18165K, committed 18304K, reserved 1048576K
GC Heap History (20 events):
Event: 37536.626 GC heap before
{Heap before GC invocations=1356 (full 0):
 garbage-first heap   total 395264K, used 332205K [0x0000000080000000, 0x0000000100000000)
  region size 1024K, 196 young (200704K), 1 survivors (1024K)
 Metaspace       used 141986K, capacity 146850K, committed 147452K, reserved 1179648K
  class space    used 16422K, capacity 18102K, committed 18304K, reserved 1048576K
}
Event: 37536.636 GC heap after
{Heap after GC invocations=1357 (full 0):
 garbage-first heap   total 395264K, used 131995K [0x0000000080000000, 0x0000000100000000)
  region size 1024K, 1 young (1024K), 1 survivors (1024K)
 Metaspace       used 141986K, capacity 146850K, committed 147452K, reserved 1179648K
  class space    used 16422K, capacity 18102K, committed 18304K, reserved 1048576K
}
Event: 37540.005 GC heap before
{Heap before GC invocations=1358 (full 0):
 garbage-first heap   total 395264K, used 336795K [0x0000000080000000, 0x0000000100000000)
  region size 1024K, 202 young (206848K), 1 survivors (1024K)
 Metaspace       used 141995K, capacity 146862K, committed 147452K, reserved 1179648K
  class space    used 16423K, capacity 18104K, committed 18304K, reserved 1048576K
}
Event: 37540.024 GC heap after
{Heap after GC invocations=1359 (full 0):
 garbage-first heap   total 395264K, used 141897K [0x0000000080000000, 0x0000000100000000)
  region size 1024K, 11 young (11264K), 11 survivors (11264K)
 Metaspace       used 141995K, capacity 146862K, committed 147452K, reserved 1179648K
  class space    used 16423K, capacity 18104K, committed 18304K, reserved 1048576K
}
Event: 37540.043 GC heap before
{Heap before GC invocations=1359 (full 0):
 garbage-first heap   total 395264K, used 149065K [0x0000000080000000, 0x0000000100000000)
  region size 1024K, 19 young (19456K), 11 survivors (11264K)
 Metaspace       used 141995K, capacity 146862K, committed 147452K, reserved 1179648K
  class space    used 16423K, capacity 18104K, committed 18304K, reserved 1048576K
}
Event: 37540.063 GC heap after
{Heap after GC invocations=1360 (full 0):
 garbage-first heap   total 395264K, used 133758K [0x0000000080000000, 0x0000000100000000)
  region size 1024K, 3 young (3072K), 3 survivors (3072K)
 Metaspace       used 141995K, capacity 146862K, committed 147452K, reserved 1179648K
  class space    used 16423K, capacity 18104K, committed 18304K, reserved 1048576K
}
Event: 37540.821 GC heap before
{Heap before GC invocations=1360 (full 0):
 garbage-first heap   total 395264K, used 330366K [0x0000000080000000, 0x0000000100000000)
  region size 1024K, 196 young (200704K), 3 survivors (3072K)
 Metaspace       used 141995K, capacity 146862K, committed 147452K, reserved 1179648K
  class space    used 16423K, capacity 18104K, committed 18304K, reserved 1048576K
}
Event: 37540.837 GC heap after
{Heap after GC invocations=1361 (full 0):
 garbage-first heap   total 395264K, used 137167K [0x0000000080000000, 0x0000000100000000)
  region size 1024K, 6 young (6144K), 6 survivors (6144K)
 Metaspace       used 141995K, capacity 146862K, committed 147452K, reserved 1179648K
  class space    used 16423K, capacity 18104K, committed 18304K, reserved 1048576K
}
Event: 37544.092 GC heap before
{Heap before GC invocations=1362 (full 0):
 garbage-first heap   total 395264K, used 332751K [0x0000000080000000, 0x0000000100000000)
  region size 1024K, 198 young (202752K), 6 survivors (6144K)
 Metaspace       used 142203K, capacity 147108K, committed 147452K, reserved 1179648K
  class space    used 16449K, capacity 18124K, committed 18304K, reserved 1048576K
}
Event: 37544.124 GC heap after
{Heap after GC invocations=1363 (full 0):
 garbage-first heap   total 395264K, used 158923K [0x0000000080000000, 0x0000000100000000)
  region size 1024K, 25 young (25600K), 25 survivors (25600K)
 Metaspace       used 142203K, capacity 147108K, committed 147452K, reserved 1179648K
  class space    used 16449K, capacity 18124K, committed 18304K, reserved 1048576K
}
Event: 37544.140 GC heap before
{Heap before GC invocations=1363 (full 0):
 garbage-first heap   total 395264K, used 159947K [0x0000000080000000, 0x0000000100000000)
  region size 1024K, 26 young (26624K), 25 survivors (25600K)
 Metaspace       used 142205K, capacity 147108K, committed 147452K, reserved 1179648K
  class space    used 16449K, capacity 18124K, committed 18304K, reserved 1048576K
}
Event: 37544.186 GC heap after
{Heap after GC invocations=1364 (full 0):
 garbage-first heap   total 395264K, used 153888K [0x0000000080000000, 0x0000000100000000)
  region size 1024K, 2 young (2048K), 2 survivors (2048K)
 Metaspace       used 142205K, capacity 147108K, committed 147452K, reserved 1179648K
  class space    used 16449K, capacity 18124K, committed 18304K, reserved 1048576K
}
Event: 37546.151 GC heap before
{Heap before GC invocations=1364 (full 0):
 garbage-first heap   total 395264K, used 319776K [0x0000000080000000, 0x0000000100000000)
  region size 1024K, 164 young (167936K), 2 survivors (2048K)
 Metaspace       used 142290K, capacity 147188K, committed 147708K, reserved 1179648K
  class space    used 16456K, capacity 18129K, committed 18304K, reserved 1048576K
}
Event: 37546.174 GC heap after
{Heap after GC invocations=1365 (full 0):
 garbage-first heap   total 395264K, used 156696K [0x0000000080000000, 0x0000000100000000)
  region size 1024K, 5 young (5120K), 5 survivors (5120K)
 Metaspace       used 142290K, capacity 147188K, committed 147708K, reserved 1179648K
  class space    used 16456K, capacity 18129K, committed 18304K, reserved 1048576K
}
Event: 37547.869 GC heap before
{Heap before GC invocations=1366 (full 0):
 garbage-first heap   total 395264K, used 324632K [0x0000000080000000, 0x0000000100000000)
  region size 1024K, 169 young (173056K), 5 survivors (5120K)
 Metaspace       used 142326K, capacity 147287K, committed 147708K, reserved 1179648K
  class space    used 16458K, capacity 18162K, committed 18304K, reserved 1048576K
}
Event: 37547.884 GC heap after
{Heap after GC invocations=1367 (full 0):
 garbage-first heap   total 395264K, used 158280K [0x0000000080000000, 0x0000000100000000)
  region size 1024K, 6 young (6144K), 6 survivors (6144K)
 Metaspace       used 142326K, capacity 147287K, committed 147708K, reserved 1179648K
  class space    used 16458K, capacity 18162K, committed 18304K, reserved 1048576K
}
Event: 37547.952 GC heap before
{Heap before GC invocations=1367 (full 0):
 garbage-first heap   total 395264K, used 171592K [0x0000000080000000, 0x0000000100000000)
  region size 1024K, 19 young (19456K), 6 survivors (6144K)
 Metaspace       used 142326K, capacity 147287K, committed 147708K, reserved 1179648K
  class space    used 16458K, capacity 18162K, committed 18304K, reserved 1048576K
}
Event: 37547.967 GC heap after
{Heap after GC invocations=1368 (full 0):
 garbage-first heap   total 395264K, used 154273K [0x0000000080000000, 0x0000000100000000)
  region size 1024K, 1 young (1024K), 1 survivors (1024K)
 Metaspace       used 142326K, capacity 147287K, committed 147708K, reserved 1179648K
  class space    used 16458K, capacity 18162K, committed 18304K, reserved 1048576K
}
Event: 37548.748 GC heap before
{Heap before GC invocations=1368 (full 0):
 garbage-first heap   total 395264K, used 329377K [0x0000000080000000, 0x0000000100000000)
  region size 1024K, 172 young (176128K), 1 survivors (1024K)
 Metaspace       used 142367K, capacity 147301K, committed 147708K, reserved 1179648K
  class space    used 16466K, capacity 18165K, committed 18304K, reserved 1048576K
}
Event: 37548.763 GC heap after
{Heap after GC invocations=1369 (full 0):
 garbage-first heap   total 395264K, used 158162K [0x0000000080000000, 0x0000000100000000)
  region size 1024K, 5 young (5120K), 5 survivors (5120K)
 Metaspace       used 142367K, capacity 147301K, committed 147708K, reserved 1179648K
  class space    used 16466K, capacity 18165K, committed 18304K, reserved 1048576K
}

