# JRE version: OpenJDK Runtime Environment (11.0.10) (build 11.0.10+0-b96-7249189)
# Java VM: OpenJDK 64-Bit Server VM (11.0.10+0-b96-7249189, mixed mode, tiered, compressed oops, g1 gc, windows-amd64)
Heap:
 garbage-first heap   total 328704K, used 276445K [0x0000000080000000, 0x0000000100000000)
  region size 1024K, 112 young (114688K), 1 survivors (1024K)
 Metaspace       used 128418K, capacity 131603K, committed 131804K, reserved 1165312K
  class space    used 15538K, capacity 16669K, committed 16768K, reserved 1048576K
GC Heap History (20 events):
Event: 86.451 GC heap before
{Heap before GC invocations=73 (full 0):
 garbage-first heap   total 273408K, used 216637K [0x0000000080000000, 0x0000000100000000)
  region size 1024K, 68 young (69632K), 4 survivors (4096K)
 Metaspace       used 127771K, capacity 130926K, committed 131292K, reserved 1163264K
  class space    used 15514K, capacity 16630K, committed 16768K, reserved 1048576K
}
Event: 86.467 GC heap after
{Heap after GC invocations=74 (full 0):
 garbage-first heap   total 273408K, used 160241K [0x0000000080000000, 0x0000000100000000)
  region size 1024K, 9 young (9216K), 9 survivors (9216K)
 Metaspace       used 127771K, capacity 130926K, committed 131292K, reserved 1163264K
  class space    used 15514K, capacity 16630K, committed 16768K, reserved 1048576K
}
Event: 86.723 GC heap before
{Heap before GC invocations=74 (full 0):
 garbage-first heap   total 273408K, used 220656K [0x0000000080000000, 0x0000000100000000)
  region size 1024K, 69 young (70656K), 9 survivors (9216K)
 Metaspace       used 127795K, capacity 130936K, committed 131292K, reserved 1163264K
  class space    used 15516K, capacity 16633K, committed 16768K, reserved 1048576K
}
Event: 86.735 GC heap after
{Heap after GC invocations=75 (full 0):
 garbage-first heap   total 273408K, used 157335K [0x0000000080000000, 0x0000000100000000)
  region size 1024K, 2 young (2048K), 2 survivors (2048K)
 Metaspace       used 127795K, capacity 130936K, committed 131292K, reserved 1163264K
  class space    used 15516K, capacity 16633K, committed 16768K, reserved 1048576K
}
Event: 87.102 GC heap before
{Heap before GC invocations=75 (full 0):
 garbage-first heap   total 273408K, used 204439K [0x0000000080000000, 0x0000000100000000)
  region size 1024K, 50 young (51200K), 2 survivors (2048K)
 Metaspace       used 127831K, capacity 130942K, committed 131292K, reserved 1163264K
  class space    used 15517K, capacity 16635K, committed 16768K, reserved 1048576K
}
Event: 87.110 GC heap after
{Heap after GC invocations=76 (full 0):
 garbage-first heap   total 328704K, used 158236K [0x0000000080000000, 0x0000000100000000)
  region size 1024K, 3 young (3072K), 3 survivors (3072K)
 Metaspace       used 127831K, capacity 130942K, committed 131292K, reserved 1163264K
  class space    used 15517K, capacity 16635K, committed 16768K, reserved 1048576K
}
Event: 246.982 GC heap before
{Heap before GC invocations=77 (full 0):
 garbage-first heap   total 328704K, used 267804K [0x0000000080000000, 0x0000000100000000)
  region size 1024K, 97 young (99328K), 3 survivors (3072K)
 Metaspace       used 128135K, capacity 131252K, committed 131548K, reserved 1165312K
  class space    used 15524K, capacity 16645K, committed 16768K, reserved 1048576K
}
Event: 246.990 GC heap after
{Heap after GC invocations=78 (full 0):
 garbage-first heap   total 328704K, used 145315K [0x0000000080000000, 0x0000000100000000)
  region size 1024K, 6 young (6144K), 6 survivors (6144K)
 Metaspace       used 128135K, capacity 131252K, committed 131548K, reserved 1165312K
  class space    used 15524K, capacity 16645K, committed 16768K, reserved 1048576K
}
Event: 247.104 GC heap before
{Heap before GC invocations=78 (full 0):
 garbage-first heap   total 328704K, used 155555K [0x0000000080000000, 0x0000000100000000)
  region size 1024K, 16 young (16384K), 6 survivors (6144K)
 Metaspace       used 128135K, capacity 131252K, committed 131548K, reserved 1165312K
  class space    used 15524K, capacity 16645K, committed 16768K, reserved 1048576K
}
Event: 247.115 GC heap after
{Heap after GC invocations=79 (full 0):
 garbage-first heap   total 328704K, used 136916K [0x0000000080000000, 0x0000000100000000)
  region size 1024K, 1 young (1024K), 1 survivors (1024K)
 Metaspace       used 128135K, capacity 131252K, committed 131548K, reserved 1165312K
  class space    used 15524K, capacity 16645K, committed 16768K, reserved 1048576K
}
Event: 248.417 GC heap before
{Heap before GC invocations=79 (full 0):
 garbage-first heap   total 328704K, used 250580K [0x0000000080000000, 0x0000000100000000)
  region size 1024K, 112 young (114688K), 1 survivors (1024K)
 Metaspace       used 128136K, capacity 131252K, committed 131548K, reserved 1165312K
  class space    used 15524K, capacity 16645K, committed 16768K, reserved 1048576K
}
Event: 248.421 GC heap after
{Heap after GC invocations=80 (full 0):
 garbage-first heap   total 328704K, used 136747K [0x0000000080000000, 0x0000000100000000)
  region size 1024K, 1 young (1024K), 1 survivors (1024K)
 Metaspace       used 128136K, capacity 131252K, committed 131548K, reserved 1165312K
  class space    used 15524K, capacity 16645K, committed 16768K, reserved 1048576K
}
Event: 249.874 GC heap before
{Heap before GC invocations=80 (full 0):
 garbage-first heap   total 328704K, used 265771K [0x0000000080000000, 0x0000000100000000)
  region size 1024K, 127 young (130048K), 1 survivors (1024K)
 Metaspace       used 128139K, capacity 131254K, committed 131548K, reserved 1165312K
  class space    used 15524K, capacity 16645K, committed 16768K, reserved 1048576K
}
Event: 249.876 GC heap after
{Heap after GC invocations=81 (full 0):
 garbage-first heap   total 328704K, used 136553K [0x0000000080000000, 0x0000000100000000)
  region size 1024K, 1 young (1024K), 1 survivors (1024K)
 Metaspace       used 128139K, capacity 131254K, committed 131548K, reserved 1165312K
  class space    used 15524K, capacity 16645K, committed 16768K, reserved 1048576K
}
Event: 250.999 GC heap before
{Heap before GC invocations=82 (full 0):
 garbage-first heap   total 328704K, used 271721K [0x0000000080000000, 0x0000000100000000)
  region size 1024K, 133 young (136192K), 1 survivors (1024K)
 Metaspace       used 128326K, capacity 131533K, committed 131804K, reserved 1165312K
  class space    used 15526K, capacity 16648K, committed 16768K, reserved 1048576K
}
Event: 251.031 GC heap after
{Heap after GC invocations=83 (full 0):
 garbage-first heap   total 328704K, used 160420K [0x0000000080000000, 0x0000000100000000)
  region size 1024K, 17 young (17408K), 17 survivors (17408K)
 Metaspace       used 128326K, capacity 131533K, committed 131804K, reserved 1165312K
  class space    used 15526K, capacity 16648K, committed 16768K, reserved 1048576K
}
Event: 251.041 GC heap before
{Heap before GC invocations=83 (full 0):
 garbage-first heap   total 328704K, used 164516K [0x0000000080000000, 0x0000000100000000)
  region size 1024K, 18 young (18432K), 17 survivors (17408K)
 Metaspace       used 128326K, capacity 131533K, committed 131804K, reserved 1165312K
  class space    used 15526K, capacity 16648K, committed 16768K, reserved 1048576K
}
Event: 251.077 GC heap after
{Heap after GC invocations=84 (full 0):
 garbage-first heap   total 328704K, used 151375K [0x0000000080000000, 0x0000000100000000)
  region size 1024K, 1 young (1024K), 1 survivors (1024K)
 Metaspace       used 128326K, capacity 131533K, committed 131804K, reserved 1165312K
  class space    used 15526K, capacity 16648K, committed 16768K, reserved 1048576K
}
Event: 251.082 GC heap before
{Heap before GC invocations=84 (full 0):
 garbage-first heap   total 328704K, used 151375K [0x0000000080000000, 0x0000000100000000)
  region size 1024K, 2 young (2048K), 1 survivors (1024K)
 Metaspace       used 128326K, capacity 131533K, committed 131804K, reserved 1165312K
  class space    used 15526K, capacity 16648K, committed 16768K, reserved 1048576K
}
Event: 251.092 GC heap after
{Heap after GC invocations=85 (full 0):
 garbage-first heap   total 328704K, used 150493K [0x0000000080000000, 0x0000000100000000)
  region size 1024K, 1 young (1024K), 1 survivors (1024K)
 Metaspace       used 128326K, capacity 131533K, committed 131804K, reserved 1165312K
  class space    used 15526K, capacity 16648K, committed 16768K, reserved 1048576K
}

